3 296 224 255
3 110 230 223
3 87 281 238
3 34 32 219
3 249 174 199
3 85 214 181
3 184 28 112
3 99 172 264
3 164 102 12
3 275 146 250
3 108 128 196
3 168 202 78
3 8 204 292
3 88 222 265
3 4 40 242
3 212 244 182
3 246 239 192
3 162 241 55
3 41 284 115
3 80 217 152
3 7 271 106
3 72 185 155
3 159 157 51
3 286 14 154
3 259 243 145
3 148 82 289
3 134 50 59
3 103 254 141
3 75 121 104
3 294 111 176
3 220 64 71
3 210 26 280
3 276 258 228
3 299 122 67
3 62 61 17
3 24 295 297
3 137 268 142
3 203 298 120
3 133 207 30
3 161 158 262
3 13 68 252
3 127 209 126
3 0 170 66
3 136 86 100
3 260 3 47
3 92 27 215
3 116 11 43
3 54 177 206
3 167 253 288
3 58 109 272
3 150 117 251
3 216 236 279
3 180 191 97
3 290 237 256
3 95 22 231
3 225 163 186
3 18 89 194
3 273 160 233
3 227 195 123
3 171 197 69
3 193 23 1
3 15 140 37
3 56 6 229
3 285 114 270
3 57 48 49
3 74 269 143
3 218 147 46
3 107 73 240
3 187 283 94
3 245 42 293
3 63 190 178
3 144 93 84
3 261 76 189
3 267 90 208
3 38 131 135
3 19 25 173
3 60 70 52
3 105 81 278
3 213 10 9
3 125 83 77
3 200 101 175
3 44 119 183
3 129 235 151
3 263 118 165
3 226 124 2
3 232 201 257
3 156 139 149
3 79 5 130
3 21 138 153
3 198 98 132
3 166 287 169
3 188 205 211
3 277 16 274
3 91 45 247
2 39 35
2 96 291
2 53 266
2 113 248
2 282 20
2 29 31
