13 2316 6901 1313 4659 2394 4888 9652 8760 4204 4647 1672 287 8727
20 2735 375 6735 6652 8523 1110 1532 9694 9421 4890 7735 370 3955 2222 988 5320 2005 3250 7154 8147
21 88 7561 5500 3833 2665 9896 1598 3556 800 2087 7063 6299 2459 9587 9582 7481 182 410 4823 9700 1699
20 3555 7028 6164 2056 8665 4532 2841 5073 5313 3379 4740 4849 9344 4169 9905 4998 5311 4445 6492 5842
16 6695 7186 3092 6771 9492 2368 979 2228 5872 9930 7032 4334 4975 9399 7954 4325
26 6663 734 4170 4624 7382 9018 1685 3843 7508 4564 3534 3053 9043 6226 171 7447 1989 3081 8875 4956 7995 2354 2752 4790 8862 2152
21 4839 9563 6786 4875 8614 2207 2954 2467 7525 6495 5548 5805 3452 4254 6887 1940 8385 6533 9938 3277 8874
21 606 4788 5377 4806 9678 6172 9248 5211 1914 201 972 1890 1089 3954 5354 4375 7202 3819 1191 5280 2773
12 741 658 2915 4657 1474 1521 1348 3963 7046 3873 5339 6753
14 423 6900 1363 8034 1263 8263 1787 4357 5052 3912 6464 5795 7495 8253
21 4618 7119 5189 1640 208 853 3770 3895 6674 3454 8284 3738 745 2380 8625 3486 7251 16 5294 3733 9312
18 2920 7711 7248 9819 2661 2867 9433 399 6970 3980 4478 2085 3953 1039 6011 8797 3863 8433
20 1097 8587 502 3036 1239 8984 4871 4087 2244 217 591 6295 2824 6100 8825 6317 7035 7042 7997 3064
15 222 6656 2455 1326 6927 990 9950 6301 9103 293 6174 3599 2306 1798 5478
14 4742 1560 7000 8368 7203 115 6932 6462 5309 8360 2378 5261 5231 5578
20 2986 5027 3317 2916 942 3098 9133 2842 3308 6880 581 6709 3383 7027 191 9057 1585 9025 8770 4122
20 1209 7864 5517 1729 660 6132 1179 5462 5176 5730 3913 5258 9788 3303 9008 7959 4735 4185 1478 5179
21 8175 9733 8902 8575 2802 4244 6987 1424 3573 9225 9630 1485 2466 8634 1675 8837 8222 540 6151 8556 142
21 1066 3693 3129 3108 6526 1346 4907 6443 6059 3748 5722 1033 1440 4151 6468 2318 5011 6978 1356 7133 8301
20 7965 8189 9078 9042 1250 2292 6211 692 5249 9193 2389 7443 404 6760 3040 1825 8384 8106 8080 8594
15 2941 1384 1955 7870 2825 3784 674 2680 2025 7062 5512 1836 207 4934 9693
20 7401 6662 7637 3375 5241 5400 509 8963 7440 4351 5349 8241 8045 1807 1742 7878 8195 7814 6595 5412
15 5324 19 8274 7442 7246 2857 938 7587 256 6763 9597 335 7336 788 766
21 3629 1512 4164 8816 633 2505 9268 9006 112 5098 8896 8443 653 4215 8899 8942 1991 5065 8580 6241 2251
20 8420 7287 5425 986 8804 9234 8782 9837 929 9361 1461 8693 7635 9961 2255 5496 5450 3260 6521 7472
21 6466 3005 5205 7686 8615 5576 2525 777 1307 914 7124 5906 2617 165 2734 9775 2185 7537 910 7524 2055
20 3090 9046 4673 6749 3112 6261 6971 2290 7926 3154 9739 9801 9531 8660 2987 2435 4054 2940 8070 9614
15 961 7088 8832 2570 772 3621 3761 5583 5715 1154 3503 1916 8733 4814 1545
22 5086 2589 9830 9450 1152 4834 7407 8492 6858 77 7551 3916 3481 5 1462 6355 5839 2786 9818 4951 579 6111
15 677 1414 7406 9815 3468 6587 8645 4722 8590 6176 5360 6276 3479 9373 9530
21 3281 3575 6756 718 8653 1902 1422 2234 2034 1236 9774 9708 7868 3118 7261 3727 927 3080 8429 1378 4319
20 8395 567 4720 2635 1294 7134 5564 7857 4651 2861 7352 5850 8392 4238 33 6007 2821 4695 1652 8196
19 5934 6794 8434 3583 7387 716 9106 9843 2189 2943 5196 3217 2427 6826 7946 1043 1084 8897 6441
21 5424 2536 6053 5477 7492 5069 1913 8486 2769 3948 1714 129 5336 7875 784 3922 7869 6998 2698 6348 4013
12 4309 3311 3462 9164 1762 4147 9300 2808 4033 1371 6860 4557
15 4008 9649 248 7277 8367 9062 3394 779 9919 149 8076 5530 6095 2372 6090
14 5335 3257 3717 172 2209 2924 1393 9444 1796 4262 2988 192 7845 3491
15 9799 8024 975 4782 9419 2406 2248 4582 232 3567 9425 7240 87 1161 5067
14 6783 6123 168 6886 2817 2362 2043 3476 9884 2762 8672 7652 358 7678
17 9393 8736 8224 7208 6896 7457 9074 9584 8108 9661 7543 4102 6720 8794 4542 3310 9049
26 6822 7114 6741 5282 4613 6357 6570 494 7569 3211 5658 2325 4746 1262 9060 8969 6486 62 6028 1611 5867 9854 333 3838 3969 8582
19 1815 7889 150 7710 9033 3451 1008 7918 1075 3939 7584 6841 8084 2723 9689 8089 7215 9577 5561
16 273 6654 8040 2036 1245 3759 1297 7898 3753 2284 851 8668 1036 3548 2339 6610
23 3988 2233 9282 9633 5888 102 5287 3623 5452 7048 10 3432 5625 4395 3979 7721 2396 1085 6702 4399 1213 1093 4286
16 6831 6189 5636 6186 7276 40 412 6712 3123 1622 7299 3726 1063 4534 7283 8000
16 9888 4781 608 3875 1460 8188 2543 5021 5929 9400 6001 7550 3653 9931 1726 89
20 7929 726 3786 6338 6475 5352 3366 3122 2693 4264 5704 4997 155 6545 7050 427 9637 3335 8895 1374
18 4143 3276 530 7172 5815 3305 8148 2089 357 958 9697 5463 8457 5438 6287 7991 9241 7239
14 8477 1630 7585 1186 7777 6331 4594 953 5475 963 7486 7247 6964 4818
22 8675 6485 6836 9951 9512 1835 6589 2415 6297 4012 242 7106 4762 3006 44 2249 4466 9794 6015 4393 8372 3380
24 4059 9090 7086 3885 6196 1631 7693 542 6120 2021 1534 3757 8539 1266 9848 9423 1671 5482 1274 1481 3942 1579 6349 1202
23 4842 4546 2742 1218 8791 8445 5962 5014 9624 4718 5981 4567 7871 4572 7541 5762 8267 4413 8669 3301 3652 9004 9765
20 4601 1784 8574 3354 2787 4880 2343 8916 6423 8129 7273 6385 5945 3306 5784 8635 6108 5735 8726 8230
20 117 7320 448 5228 6374 7081 3710 4266 683 9148 9957 6557 5266 3033 3683 1467 491 4918 1341 7036
20 5406 3826 9255 6856 5503 4099 7629 2760 5353 1337 2142 1167 2918 8859 269 4791 5978 4479 2411 2038
22 920 8425 8462 5541 933 6638 354 6865 5610 1416 3521 3590 8592 2201 7431 9521 5521 900 9196 8138 759 9184
21 7141 2512 428 8772 8695 374 5879 1392 6728 8993 2231 9929 4835 7244 4488 1280 1698 3641 5057 5848 9756
20 9216 1013 3263 210 2979 3146 8017 8261 9490 6629 9967 1535 2517 8206 7054 2252 1287 6266 8490 7825
21 3239 7612 9286 9190 4355 1391 7415 8826 1255 9358 6897 6530 9518 4239 6553 4380 3734 3327 6481 8913 638
22 187 5213 8370 8410 2060 2984 3752 924 7819 4993 9674 3639 4816 9618 6787 725 1708 7343 9552 980 7733 9311
23 2278 1024 199 922 6407 4130 3646 2035 396 8272 9928 9321 6513 1035 4789 3150 1423 9076 1172 1238 5659 9580 3883
18 1757 7180 3050 8854 64 8686 4209 3470 5308 1357 5747 6337 1730 4609 1362 911 3836 9999
14 5304 9402 2904 4558 7682 7515 7474 5630 5664 859 4974 6555 5916 3207
20 7463 8055 4630 1904 8037 2115 1504 2241 5041 5384 7675 5200 7199 7523 783 1425 3172 9396 6995 181
20 9020 6199 2973 830 9199 3099 8928 235 1905 8873 7725 503 5884 4760 3627 662 5798 6789 6477 5790
19 3817 1492 7465 4615 6422 3909 3874 2037 2213 6734 8286 6497 9261 765 7170 4161 7603 6993 3755
20 3103 3208 1908 2952 826 8956 2534 7645 3009 6612 2545 8417 7473 5079 9051 5787 6573 8249 7123 8430
18 9207 817 1121 6474 4403 2453 355 1876 8166 5956 676 2097 2666 1526 4551 4697 1826 1713
22 1543 7512 3073 3420 3701 531 7665 7812 8413 3846 3625 5733 8068 3091 6704 8215 14 9189 3046 5900 828 7204
21 157 1406 7867 3732 4300 3258 6253 4055 9142 4067 8476 6033 1187 1432 5989 2707 2625 6285 3671 4927 8618
18 5860 7553 1010 4376 2178 8485 6067 8901 8547 776 7285 9386 179 8608 1549 3041 1290 807
22 672 7810 3947 1963 7994 1182 7778 8511 2375 7178 1781 8628 5728 3577 7723 521 7942 71 1124 8900 2454 8700
21 5497 8158 5516 2041 8595 8644 9611 8193 7368 7313 3195 8162 7514 5454 8499 79 3886 2993 4759 1254 6817
22 3471 6135 697 6125 5601 8806 7197 9370 9208 9826 9542 3438 7728 5397 9525 2775 6099 3180 845 2819 3347 2276
15 7499 9473 3821 5674 2386 7984 1248 5256 9299 1283 2768 8704 8012 5264 7482
20 9679 2748 482 5539 1256 1338 8691 2722 5925 841 3361 1405 2674 312 8238 7008 2253 5855 2502 6439
14 8518 7329 7602 3840 1733 8652 8103 1897 4590 467 8525 6835 5013 7909
23 4882 2714 6765 8955 9972 2790 7231 1029 4190 1116 6289 7333 5114 3996 123 6933 9493 2679 3543 3984 8113 5543 4348
20 4056 2436 8157 1845 177 5031 2874 3474 7077 8153 8623 4304 407 9243 7681 5051 3677 5923 5950 7568
16 7475 6849 730 3038 1511 4498 6036 6138 7100 1165 6079 1950 167 4676 49 7458
15 2720 4583 3368 35 4605 4724 7516 2504 8591 1920 2687 2239 7634 3814 7809
18 6277 4387 5120 8682 4639 9440 8407 2229 2144 4036 8002 132 8287 6892 3898 4841 3712 437
20 489 739 4910 2132 9948 4270 2796 3428 1516 5552 4850 1457 9500 3800 3015 2458 7717 6944 82 9677
22 7429 9347 3541 7876 266 7882 1509 1168 8981 4433 9474 4426 589 1224 8498 9959 3337 8240 8048 3791 8718 2238
21 4525 5948 5748 4957 6871 4326 4924 8027 2631 9250 875 9725 6869 3881 8393 3766 8836 8391 8332 6616 6750
20 24 1609 9869 7883 6216 921 1947 6203 3267 3072 9863 4560 4945 5194 1754 5207 8683 3571 5174 3032
22 6002 1860 9926 2639 9273 7066 3505 1464 6810 2437 3484 7322 9807 6690 2638 3934 7660 8142 3637 3500 1705 9749
21 5018 5387 3066 1647 7762 1220 4019 4473 909 3233 1136 4621 4946 7992 2562 9606 9676 5342 3255 4127 8123
11 9411 9935 6360 7934 2652 4784 1470 7701 1649 6131 7433
11 3549 8029 9805 1111 159 8014 893 1471 1340 7107 6517
21 3156 4885 3490 5263 91 6784 5910 1946 1988 1690 701 359 2553 5488 3192 834 2830 623 5834 108 7986
24 4637 6913 4920 5650 7118 7103 9420 7865 9337 4902 4681 8436 2158 2895 6524 7667 5943 3488 6394 2133 1898 805 6019 3346
21 6724 3651 2780 656 8597 1862 4274 3496 9072 6030 4187 1498 9332 4922 7300 5251 5130 3405 3284 5776 3097
12 7640 5358 8554 1222 8228 649 8023 5464 9643 2700 1623 492
13 219 7846 2537 9180 8378 2108 4775 7381 4128 4591 8954 2826 1344
21 1888 5359 6718 381 1169 7361 280 4711 2116 2062 6142 3074 2763 8744 2379 1903 9390 4977 4962 8319 8910
24 2020 7020 4064 4704 46 6081 8075 7727 1012 4009 7402 6733 3511 1974 6282 609 75 9426 6697 3492 6214 2019 1923 557
21 1664 109 442 152 3181 9980 2829 4096 7507 8779 6027 6637 5109 54 7423 9427 436 6051 1003 7358 1226
22 6689 7704 2782 8530 7840 9070 1589 9001 7879 4382 1072 7417 2003 3670 6759 1858 5506 5348 8648 4909 5653 5857
19 7040 1773 1527 7226 9182 3482 2220 8072 1041 9111 2868 9995 1575 2746 6986 9781 86 811 8276
20 4346 8699 1223 6764 7438 6121 202 7566 1668 5870 7855 8709 4425 7625 7348 9340 9792 7985 59 7450
20 4377 768 9696 9464 4930 9222 7221 1638 6857 5391 3391 9616 4748 631 4556 598 635 2090 5828 3286
21 9003 3579 245 2690 5779 1102 952 3905 2909 7021 9355 4517 4026 441 2911 411 1231 8487 7228 3218 5840
20 5716 1372 7249 4003 6078 5260 5959 6779 4518 6785 3919 1469 1092 4178 7850 5731 8168 7772 8278 2408
22 8310 1593 1804 5602 2352 3477 2602 9388 4314 2670 3808 9331 9447 2215 3061 1780 1379 5949 9714 9860 9668 5273
24 6916 1689 5535 417 2551 6893 8101 3155 8638 7654 8125 3292 6205 9416 2004 4316 6564 8304 9338 2367 8364 8482 8453 3612
20 4150 1323 7666 9037 9195 1943 8864 8646 473 6803 9017 621 9034 2001 4670 4132 4811 7649 2463 5175
21 6269 8449 7574 3414 6313 4331 6946 2612 6085 279 5986 1965 1906 4960 3897 5997 1582 9307 4049 3528 9476
19 2465 271 3411 9527 2275 4866 7624 4457 7570 6552 7461 344 1811 1244 3189 390 1983 7601 7527
21 5445 6329 7927 8991 9858 9027 5709 5208 5262 9278 6590 814 45 3019 3179 1398 7951 7281 9827 2353 6288
19 769 5491 3816 4035 4497 7931 7594 3672 5767 5166 748 868 4341 8677 3876 5138 3781 6170 452
19 2912 4706 5540 7232 2797 6386 3295 3550 1314 213 6490 2257 8769 99 6598 901 8226 7767 8046
14 3307 5808 8448 2776 9975 7724 1639 1747 9988 2351 4917 6957 6796 4483
21 5341 1984 6239 3493 7315 4031 5076 6751 2614 527 6862 8833 5502 968 1853 605 1122 860 7214 7563 5571
15 1528 3138 7737 6048 4696 4828 3851 5201 6231 2461 5921 2971 4240 4183 4301
22 8728 4428 1142 9538 1355 1745 4449 7389 1921 6774 2632 2311 3336 6525 7295 5781 8455 5142 985 2491 994 1052
23 9313 699 8207 9617 3290 4884 6345 5559 1753 2084 528 3401 9786 5190 7526 8132 4633 9309 5617 7836 5508 7789 4186
21 9707 9246 8285 3502 7746 1101 6426 6684 2850 72 1824 1446 878 9535 6071 1795 8501 756 6958 2839 6761
21 4894 9191 4733 9832 1746 6344 2023 4221 6726 366 6006 6471 787 564 1380 7617 4813 8313 2656 2597 263
21 9325 5572 9549 1557 2578 691 1716 6838 1840 6821 7024 2341 7298 262 7470 8633 4751 1969 6080 6514 3458
20 2559 8020 2031 1587 5861 1429 9838 2526 3902 6025 6055 4708 5843 2588 5822 4083 1014 2610 3619 8022
20 4094 5818 1524 9610 2128 1692 2513 8545 22 2190 6790 4252 3884 8409 9814 7412 131 4126 8327 3737
20 8698 4959 6058 4544 7642 2875 9000 4562 9213 6442 786 227 7294 9932 4931 7158 259 5434 6364 2902
21 9581 2641 6206 6409 3566 6399 4944 3731 3999 8601 1885 1449 2334 8839 9491 8092 6335 4795 3113 1230 7189
18 9305 5245 5777 32 2900 2044 3524 7940 9163 184 8221 2403 8465 9124 2925 2683 1972 5646
23 303 4260 5699 4869 3054 6805 352 8446 1420 5958 5565 9943 9153 9924 8985 345 5515 4509 1517 73 3611 8156 4803
14 1993 3196 9109 4643 6188 121 3425 5314 8242 3707 2871 4961 573 7773
19 6456 3245 4980 1365 514 2906 9859 8550 3847 5911 7552 4626 8845 5215 8235 7079 6955 9097 5493
21 84 5113 8254 3636 843 1896 3845 678 3251 3893 8513 2584 3582 8439 6506 8757 1542 5669 7151 1962 926
20 6649 7230 1949 6705 1415 1193 7866 639 2955 809 1786 9009 2676 2575 1153 2266 4968 6093 1207 3741
19 2576 5875 8868 2119 5803 9288 4159 7296 3011 2398 8314 6802 7060 9892 8483 3048 9648 6644 5376
20 610 3951 720 8795 1311 7805 2565 9574 8460 8067 3973 9699 2778 721 6236 1129 2606 9993 8019 3617
20 3564 8376 1995 2425 4666 629 9031 7422 7987 6581 8294 9605 3506 2650 1157 8658 4700 2376 9865 7834
23 3692 3176 5507 2651 9710 3513 1455 5684 4981 9368 2390 8343 104 2685 2081 2496 6687 3745 9280 7821 619 758 8921
21 2869 2942 4088 3270 4990 993 5116 9478 8481 4212 4512 7505 7699 6227 4999 3109 915 9266 5035 2221 7252
20 5970 2538 8338 9654 9751 1644 9238 8293 1277 3010 5796 5165 7979 882 705 111 1641 5973 4337 3000
22 2008 9851 8536 5036 3261 6757 9482 3959 4464 3961 2728 5585 2484 4598 2071 2726 3626 7530 7719 4296 6152 20
15 8731 3197 5621 8353 9132 3754 4456 3186 4454 5524 7893 8754 7644 1366 6018
21 6228 8586 1843 761 9546 4089 7493 4642 4840 6833 9821 5106 1657 3695 460 7539 5749 4197 2200 9600 2169
19 1867 3540 9575 611 9761 578 3075 4893 9879 5243 4903 3214 7031 2168 8880 1086 5599 7943 4177
20 957 9052 5626 4541 7761 5451 7414 1681 1551 5568 1329 858 4576 3268 4743 308 2908 5485 4592 6613
22 9901 4414 9104 8110 7263 2548 7755 3182 732 997 6655 7958 9989 2195 891 8479 9898 3003 6323 7831 9545 5652
20 4855 2026 4153 572 252 6156 4787 1389 9085 5004 2186 6054 1737 3100 4702 8183 9 1488 9921 8543
18 6780 5990 9702 5642 9262 5279 4853 2444 5364 3856 5136 160 9149 2446 2490 9467 8043 3507
11 1353 842 7768 9064 7479 8667 4675 6366 4265 7371 5071
18 519 6493 4665 6245 9872 5690 3205 9054 5305 8627 8576 8115 6072 4577 9434 2521 6118 8119
20 3855 8458 1200 6634 6305 9429 9394 369 8237 7630 4614 7917 4952 9692 7509 5942 3369 443 1472 2070
22 3030 9137 8328 1777 6270 9075 4653 1541 793 3216 2749 185 347 8315 4253 6084 9599 3265 6881 1137 2032 7349
23 7877 1100 8351 3083 3220 6967 3439 5941 1428 1387 7538 5532 2522 5333 3517 9470 1926 4275 2488 3529 3518 1758 9058
19 1305 9406 7337 85 1109 5835 9221 5529 2068 8003 4155 632 3318 1397 8655 9540 7219 9811 3504
20 9675 3329 1233 3842 146 5701 7691 1568 7205 4845 9877 7800 7121 3794 3803 7485 4691 3987 7131 4900
20 2571 328 3068 5656 7856 1985 5074 9333 4620 6332 7661 4603 8639 5276 6390 3274 1473 8519 9533 7405
21 7928 3758 1580 4372 9481 9641 9789 3610 6488 283 4660 7072 4370 4210 6109 8966 5461 8468 7409 5471 7011
20 9140 7198 1628 9681 2673 2270 4114 5519 5523 9798 1171 9437 781 9891 6496 5395 1966 9558 1808 7641
19 4307 2899 4207 1667 7386 2360 1048 6391 8268 3222 6829 2913 2127 9885 5667 5077 3665 1131 8572
14 6139 6924 4349 4481 9731 1271 9800 5651 186 4097 2555 5987 5177 9359
20 372 3430 6352 5628 8800 3862 1584 7750 7220 7962 7400 337 6472 4179 7083 5806 9169 3853 7844 231
14 8640 6658 7373 6182 1441 3165 1282 5411 5537 3495 8753 6549 5145 2445
12 2828 627 5017 8059 2033 9539 272 2595 414 7598 2331 820
21 5902 7451 1655 4953 6956 969 4824 8291 3212 3299 50 420 27 9211 1691 1506 6440 6010 702 430 5370
19 4071 864 5566 1175 2696 425 7894 5133 2129 7331 8889 7961 9050 4142 3744 6209 4570 685 4936
21 6044 3640 9874 8796 6809 5238 2164 9882 9659 8749 7365 3076 8469 8466 6723 36 9032 8762 8948 6520 7783
18 2432 5654 9705 9620 8671 4353 8741 386 4535 2294 7982 4386 1404 9875 966 6070 9369 4022
20 6694 4537 6069 2799 2385 9516 2370 3241 7321 3331 8336 850 5315 1360 8053 8454 1952 1350 729 4622
20 9283 2422 8382 3921 8681 2105 6013 6672 4773 5801 3141 1289 2047 5448 8202 6934 2155 3343 1087 762
20 2531 8739 2305 6538 8118 4441 7490 37 1832 4619 6990 6660 3768 5144 2194 810 1599 4446 7771 2862
23 6843 2079 9890 977 1189 106 6106 8225 3645 2344 7076 2991 3387 7616 7747 5028 3720 9726 5302 9269 9383 2818 1731
20 9514 9768 8440 7253 9842 6279 5099 83 2139 7071 2199 5574 1091 1437 3275 7950 3780 6258 251 4374
16 4758 9128 3602 6729 1942 2397 6519 5442 9292 5763 496 9352 6194 1801 3128 3288
15 5192 3170 6255 2934 100 1487 5792 3570 8431 2358 855 8394 5927 2460 1284
25 61 7104 6202 5732 8995 7256 7808 6746 934 458 2863 9583 8821 1719 7168 5128 4837 983 8052 2365 3320 4468 8613 406 7115
20 9752 2520 5049 3475 823 7933 833 9968 5470 1486 954 3087 3357 5609 2080 8205 1278 5148 7303 3643
12 9698 6457 212 5187 5952 7207 6800 67 3159 1502 1975 8596
23 3743 166 2495 4658 4756 1710 8746 3463 9783 9816 733 8524 1629 4688 3538 2232 4579 2092 6668 4808 3198 1456 8374
20 4090 3990 9657 4585 3775 5622 9089 6953 5259 4429 3982 4754 6667 7023 9206 644 8666 5661 9117 4662
20 6670 7993 69 6173 403 8687 536 7266 4093 1444 1775 7 8256 8036 4392 7184 9793 6981 6210 4140
21 7070 8209 481 9127 3793 4714 2048 6064 2268 3201 8997 5167 7291 6847 418 9719 9551 8369 5737 2280 3985
18 6961 2788 135 1465 6133 8018 1979 6375 6436 1572 4526 1917 413 5337 9260 791 4554 6665
22 7318 8459 3991 5678 161 4958 715 1292 7823 9767 1310 8863 2876 1769 5392 6232 4812 7269 1296 7424 7356 6465
21 4214 1734 95 8785 175 5219 2383 7132 1065 5220 4076 7360 8461 6500 7306 9895 9200 5926 7673 794 7242
21 113 4693 5285 3783 832 8191 2110 4282 5527 8140 2332 5292 5525 7302 5164 451 6022 3056 1847 9214 3021
19 9979 400 4703 7434 4024 9232 2086 5786 8250 1493 1373 3344 1249 1760 5432 2886 9499 1306 3850
19 9820 4200 5090 9345 5267 4872 7145 2479 3595 1850 539 8930 291 7067 5246 5024 4220 325 4530
15 8557 2791 7975 7174 380 7169 2264 7259 5216 4963 1650 6972 9217 1507 3861
20 1315 6558 1252 6026 7171 7907 8312 6898 6312 6891 2197 7591 2183 9856 5638 9953 3703 4308 5977 2627
12 1992 5393 4246 5663 9576 9836 1104 9240 5143 183 6661 4793
20 2519 3849 3105 1797 7759 8937 81 5301 5486 5072 2494 6938 4527 2262 2046 2628 4785 1312 327 2487
10 4098 4112 6922 7034 4749 1583 967 2835 4898 1855
20 700 8629 7255 1272 9065 5695 7558 4211 2104 2923 1275 3330 6758 9445 2759 7374 9876 7182 7111 2770
14 5381 6747 1221 1634 5830 9912 3673 8126 8246 5195 1828 3023 3348 1114
20 2429 1852 3199 6398 8642 2556 4472 5473 4443 7582 2256 7160 2572 5612 8423 3950 7087 1295 3591 6124
15 6767 9503 8146 4914 9952 2179 3854 2713 8199 7327 9598 838 466 4616 1140
19 5235 2838 984 2482 3326 6179 4654 5640 6975 5675 2965 9122 6646 5726 1759 6482 5159 8139 1293
21 1407 1625 6413 6356 7916 8945 8134 9022 4335 4452 6675 5863 8117 9279 5185 4474 4545 9656 5616 1261 5232
20 8509 5744 1564 856 9889 4491 3285 5042 5233 6923 6376 5648 642 3302 7739 944 7863 5436 3903 5244
10 7861 945 3510 1 7535 4163 5289 3213 4912 2591
15 6381 7116 4826 5837 821 7915 8926 9302 1050 6483 5966 8181 7828 5121 3870
19 8102 5060 9030 7690 7494 7816 6907 282 8817 53 4631 1632 8065 593 9439 3576 317 9650 4846
19 9626 9463 2497 3807 8860 7715 816 1468 260 3437 6347 5595 1032 6586 5676 6895 3140 5891 8308
21 3149 8435 5757 640 2997 7534 2958 2057 5094 8903 9162 8252 8201 4306 6954 9861 4305 7996 8414 391 8941
14 5440 2784 8346 6402 3532 8316 7967 9378 1870 8931 7272 5505 1127 9515
19 1040 7129 965 5712 8155 6762 6904 3323 2563 9870 1375 9204 3668 4367 5814 8657 1141 8722 1680
21 3607 4184 6711 9557 708 3228 5700 8063 8755 6574 9384 305 3448 7033 5328 4766 9746 1059 7702 4490 6405
21 5881 6110 6450 47 4493 876 7366 8767 8127 2789 2093 7238 4513 4427 9502 9203 6941 2598 4741 4 2225
20 8213 902 9485 6969 9846 244 2388 6416 3574 405 3551 2524 4448 3558 5932 667 6569 8674 6365 5538
19 8703 3459 493 5375 5951 9526 1960 1590 4663 4571 4771 4954 3131 8983 1665 8090 6853 3324 9099
18 5299 5466 7874 8768 6380 8869 1875 4002 2756 9212 7500 5832 5085 7308 8626 2564 8083 1439
22 3457 4455 419 8989 4764 3232 6582 9298 4073 1342 3242 7921 7838 904 393 8095 3971 3349 6664 6819 5010 5398
20 6160 2293 8823 3789 7041 4617 6910 1328 1217 5778 5019 3360 7892 8577 5673 307 8145 421 5760 5173
18 1273 7082 951 6814 9963 7339 7949 3121 4075 3266 6504 6811 884 8756 5897 7310 4649 5296
17 8559 8104 7580 1500 2011 4117 2737 5191 5002 1782 5483 7851 270 8818 7955 5889 6600
20 6263 5034 5212 4291 6698 5001 4550 5976 6556 6286 2980 6400 6949 6383 555 9555 2170 7968 5821 9573
19 1735 4223 1994 5917 6989 524 9983 9498 6798 7797 6215 5706 5331 5467 1617 7163 797 6585 2615
20 9847 6877 6029 849 559 2667 2107 8598 7148 9554 7250 8496 1174 8405 8180 6872 2094 8380 18 1569
23 2135 6851 3966 6272 8324 8659 3070 434 1450 4276 941 7738 2489 6395 3937 2131 4943 960 1011 1536 2961 2298 630
18 1794 8978 9680 6034 1352 1725 7770 7712 5026 2715 7798 9218 2027 1957 446 5688 2457 1562
23 5218 9666 5957 8128 3721 560 4195 7873 9992 1561 6184 1982 2995 2590 1007 6837 1878 9622 8488 2833 7069 5819 9536
20 8179 1651 802 982 1331 9655 2810 799 8974 1130 6387 3659 3382 5823 5151 6606 6334 637 3042 2530
20 4494 7471 5025 854 5100 6915 501 6290 6873 5367 6219 2010 1049 706 9922 7606 4723 7896 3043 4040
20 7957 5743 6220 552 5045 7829 8721 1395 7326 5575 2785 4765 7128 2800 1540 5338 8893 6782 4911 3688
20 445 7210 4250 2409 9647 9639 9157 6415 6414 1463 4001 2029 9529 4283 8321 2730 4522 3093 1385 3115
20 7849 9974 3972 7901 2753 2095 3044 134 449 500 2012 8318 3831 861 5831 8696 8 5592 6322 124
21 4873 3989 290 7548 1412 4293 6905 4086 936 1501 4978 970 5789 139 6894 747 8934 3715 4157 962 770
21 3371 9595 8309 511 3102 8062 1069 8814 6406 7791 9150 456 7377 2462 9398 7826 1128 1663 3134 5198 9522
14 3410 8848 4202 3970 6283 7764 6921 9407 3406 6777 7590 6144 3941 2951
21 3236 6304 4705 6446 8504 1349 8809 490 1073 9348 309 6388 6867 8208 8919 1133 5846 5591 898 6260 795
19 268 3160 1697 895 3124 4113 484 7626 5558 6469 6736 9096 3034 9417 4230 2210 5055 1718 948
14 6706 5112 533 2937 5603 7573 7164 4682 8673 9431 4889 237 4037 9803
22 7956 5746 2216 7912 1700 5323 7806 9139 9718 824 5270 5277 6878 7038 9414 7593 5791 1552 9296 3718 5723 224
20 2324 2143 5156 5043 4045 3499 7754 9758 7939 4804 1351 7973 5761 2069 6449 5044 8232 4531 8424 2202
22 297 8323 9297 9118 7730 147 6909 9441 2438 4809 276 3630 8651 1615 8066 4668 265 1619 4267 679 1931 495
19 3918 200 8521 1601 8609 2173 1117 15 3536 8676 63 3467 4797 4391 2985 469 5455 9601 7105
21 8520 9452 3830 3544 5584 4063 5550 865 1396 4988 5484 34 4501 5607 9672 8100 314 107 1148 5230 4401
11 554 3773 7323 2464 2330 8502 3436 7935 6102 6324 2528
20 9976 4948 6316 2323 5660 286 3811 9778 2501 3796 5183 8971 1894 6408 4780 7801 1951 4553 6603 7391
23 6807 1269 9634 422 1846 3203 4247 7078 6378 3065 9185 5157 2451 3700 2820 9063 1971 2637 6594 9059 535 5253 2794
15 4586 5487 5756 907 4278 1198 2601 2137 4549 6977 2350 9323 9308 7833 5979
15 3444 5856 839 2059 4344 5526 1368 2854 385 5007 4719 925 9343 2798 2620
19 6418 6951 9562 3663 8990 949 9160 3661 3101 7418 8050 5119 2066 7827 8144 1802 5047 3111 5127
20 9619 5237 57 2771 1081 7301 1643 7392 3339 78 2892 4876 9653 6351 5365 8056 4363 9010 8838 6221
19 8564 4437 9045 7446 5662 2291 7194 5587 5849 8060 8907 6918 4298 1279 2103 7026 7311 2227 2998
20 9291 9544 3866 2000 2745 9424 3782 8705 4459 5729 556 6037 8537 1571 804 3644 7748 8939 1285 2853
22 8406 7314 3616 3057 9364 3622 7498 7900 5373 3962 682 6827 743 9883 9982 3456 7279 1028 4753 1544 7758 6976
21 7687 2426 3666 3879 7309 7488 8136 6926 9939 5852 7752 6651 5126 7159 6097 6421 3681 9669 7460 4338 2273
20 6361 7117 4016 6575 9981 7729 5105 9779 7743 3483 6510 2932 9125 4859 7938 1497 3126 8265 9642 4987
18 5769 2357 7572 6000 5495 643 8229 2931 740 4279 1322 8885 3226 7213 1419 1120 7496 2509
20 1724 3384 3938 7847 9458 6163 6885 2051 4947 6061 1750 2757 8399 9455 8712 9178 1594 4901 2608 6
19 2507 3424 565 6523 709 4328 4892 6201 8649 8750 2721 8081 7258 3153 1333 1645 8152 5758 7410
21 568 1530 7312 8085 8493 7167 8764 4440 6326 3568 8729 5257 5111 5223 4596 5283 2877 5536 5058 2243 707
17 585 9401 8588 4405 1215 8694 8160 714 6396 5655 1851 2028 3089 2692 2643 9909 1015
18 3167 9087 119 3215 8257 130 5768 6339 9704 3545 4222 9342 1258 7776 2879 1288 4424 229
20 3253 6875 7567 9100 4699 4206 1531 5278 6038 2039 4874 487 5203 2483 3166 3978 763 9782 1939 9770
20 8962 2711 9769 7692 6657 6930 1071 433 1743 703 8531 8305 1704 1241 3464 8834 5431 2287 9717 6342
20 4687 3029 8915 2338 8379 6359 5824 2065 8099 153 4852 9510 7930 7304 8005 971 4508 4257 7057 1300
14 2061 6547 2077 9242 3648 8033 6839 6047 278 9335 9181 7622 3911 9520
19 9409 1869 6742 475 1620 4634 8416 6619 9534 6187 771 3142 1666 1919 3350 6275 4861 4476 6311
20 6198 8713 3191 6584 7096 461 9623 6605 2978 2279 8887 8172 3183 6732 143 2361 1809 5896 472 1204
20 8086 8979 6003 9804 6062 2054 2846 3282 8169 1932 7786 9839 1483 38 2704 3322 9336 9461 2840 144
15 3294 4194 3200 9341 8094 4858 1539 670 4843 1525 8121 7970 4864 5869 835
10 2917 6740 3542 9134 6476 7564 5569 6708 8986 7206
20 6815 9556 7085 9477 7245 3785 7794 65 4625 6940 8842 9866 205 5229 140 6250 2113 234 6840 1367
18 2296 661 1830 8403 4398 2558 6925 3127 8289 3699 7802 3342 6935 9841 6701 383 2449 1682
16 4984 2335 164 7636 1779 2901 2218 6939 4188 5882 2303 7596 6419 4313 9773 8994
19 4058 9996 9947 2181 2126 3657 7659 3894 1042 7328 888 4216 9126 8802 899 1195 1958 3860 1642
20 1335 4511 1550 2927 6537 4965 1924 724 274 1597 7820 6077 7233 2953 5037 5131 4769 1180 3975 7393
20 3168 7638 782 2731 4854 3429 7749 7547 7860 9683 6691 5826 3716 4199 1658 8320 5874 4018 1646 2658
15 2883 315 483 2653 8560 2156 7793 6452 9239 7976 5427 5643 9443 7427 1956
20 9084 8566 2967 5428 9035 3901 6596 928 2719 3920 2267 4933 1661 4707 4574 246 8275 8861 8622 2499
19 2327 6159 1986 4396 1884 5437 8500 6680 7394 288 5288 9201 3177 9873 7905 8371 70 4181 4778
18 713 8203 8856 4007 5050 1160 6379 6683 1756 8325 3018 3956 6516 429 4908 2326 2073 3388
15 5161 2006 4029 5853 2045 3946 890 4685 1383 9682 7852 5110 7241 5162 2448
22 5598 3104 5620 2333 6480 6832 897 7222 4701 6983 3300 973 8914 673 236 9069 4994 7052 1064 8463 6467 8789
19 1866 9852 3605 992 4371 8953 9881 9987 9397 7340 8362 3060 8358 8333 7983 4731 587 8331 9088
20 1228 2975 2261 3190 6082 4046 2141 612 7007 7521 5681 1856 5542 3658 3837 746 1961 2286 8251 9354
15 5300 5369 9640 8421 9900 1045 7305 575 6874 8567 577 2475 3162 8386 923
19 3667 5890 7554 8831 127 5844 5998 1656 5379 5908 9295 3823 1648 8663 3002 6057 2623 1841 464
15 3055 7357 6942 5766 8058 9226 7502 8470 6846 9293 681 5938 7317 6700 3367
20 8708 1635 326 6648 4798 2072 6727 5864 801 9086 2772 2493 2101 2849 5146 3995 6148 6294 7519 2816
20 4379 2123 8219 6643 6902 3007 4248 4533 3392 2348 2873 5993 4640 4444 4995 9168 5413 8311 5020 1653
20 474 7792 7236 8167 4552 9823 8307 8621 877 9730 3587 6632 3933 2929 7437 8282 3378 8137 3633 2659
20 8329 8021 4225 6101 3393 1364 7006 11 6204 4870 6145 848 1577 8467 7540 2583 9850 8884 7688 9532
19 541 8573 439 376 5713 74 4406 4747 4915 9825 827 6233 3944 4129 8684 4226 1095 3028 562
20 3655 3067 1977 5422 7162 8617 6999 4104 4272 8299 9435 3662 7480 9094 5750 60 5345 1327 1088 8377
11 9523 6804 5892 2741 6346 6098 8051 9994 5597 2733 7581
19 4475 5510 9845 3615 225 3685 1715 1767 6861 6617 9275 6588 3649 5056 3037 4967 3792 3559 7053
23 477 3188 6425 9068 9566 8401 3231 4343 5005 6505 214 6240 9548 8015 7264 4081 1936 6302 8636 690 5458 3229 9326
20 2695 2642 5719 671 2217 6659 7872 3967 6982 3473 1727 803 8734 6624 9145 7803 5922 3848 2300 5225
19 8292 9267 1792 9202 5866 1738 9272 1259 397 6888 4569 7153 2371 1659 869 5209 6627 9569 1823
21 3546 8715 9743 2585 4327 659 4921 4899 7718 8495 2150 1151 829 7639 6599 6828 2976 1060 7818 4779 4120
10 2166 5006 8766 6966 1476 8109 1612 5104 3553 1880
21 1879 6884 9254 9135 178 8505 6713 1031 8025 7177 8442 7608 1816 8408 7426 8441 3533 6968 7002 5334 1150
18 1515 3024 6265 4602 415 6962 6140 9706 7531 6948 1017 3151 1616 7589 4563 5596 8396 2851
12 4495 4575 9757 92 1443 5632 8871 7262 1058 3628 5103 8730
20 6115 874 4028 2732 930 462 9379 8748 2956 8247 4674 3431 9197 7740 5242 7964 6088 4897 5029 1868
20 7799 2106 7787 8176 4879 9667 6437 6444 8049 9902 450 4176 336 5745 8685 7369 3983 1514 4310 976
21 3527 9965 98 9466 5915 4062 8491 7341 3340 2532 6308 8763 3926 6310 3001 8124 4726 937 6959 2609 5960
16 6633 8548 9795 751 8243 9496 9219 239 8438 9969 5149 4827 5403 4926 1788 7376
20 4208 3601 7193 646 9962 2407 8450 8540 5904 525 6568 4783 373 5797 5644 5845 9747 9277 4277 4281
20 6952 9685 9487 4409 9897 2989 2281 5670 2205 4979 9428 6543 2018 2727 4504 3914 5439 3035 7235 2337
19 8271 3572 1177 3802 7216 516 5188 2636 8616 5274 3935 9501 1185 1158 1812 9797 2138 0 4023
20 6529 892 3426 330 9375 6491 9844 4224 9462 28 2672 2317 6797 6017 8714 5894 2421 431 2664 8163
19 7140 5710 3058 3026 7209 5158 7316 6566 946 2552 9802 9365 6508 1881 5410 3441 8641 7753 8865
22 2603 6068 6410 615 1508 3119 3906 1257 8494 8807 7009 2621 5734 5217 2974 5877 5084 9955 9391 2283 6635 9380
22 2424 4833 2440 6503 529 9564 9809 7187 6056 6104 2805 2364 7571 8844 1766 3206 7623 3184 2157 1115 9329 9766
22 6424 7677 5182 267 8951 553 6243 7149 9917 7217 7839 2708 551 5677 2182 7544 4484 8411 5825 3812 818 3618
11 580 6004 1491 241 6248 2607 4487 2990 2996 3888 6686
11 394 1674 2605 5724 5702 9303 1911 7615 8283 9853 7632
11 2356 9011 2250 8555 886 7592 4566 6234 7708 2447 6527
20 5971 1030 8637 313 7282 5619 3592 5023 3660 5522 7155 2699 2803 3472 7559 2013 7611 6384 3887 1038
20 8484 8277 6498 5433 2884 4638 5725 8105 122 5420 7549 2088 7022 8678 2970 5407 6045 4203 7565 247
18 5693 513 9002 9159 5009 3314 7542 2844 5093 7012 1401 4271 4627 5075 2307 9486 1892 2308
15 5885 2963 2566 409 9735 6274 6306 7529 261 4322 162 625 9857 8456 240
21 6412 6168 2399 596 2781 9742 9028 3750 3039 6281 9886 3376 5327 2146 3309 4287 6074 2878 6845 9878 548
20 190 3910 2577 6280 2675 1330 9015 4851 4407 7646 3013 3878 9588 3998 5974 7989 349 1408 3656 2806
19 3697 2511 4050 5240 8079 1324 444 9822 350 8745 8077 3815 2647 5469 6844 8925 56 2007 3185
19 3049 1090 6128 5135 5994 6882 395 4543 728 2414 4165 1596 2111 2369 3728 9609 8980 6060 1452
14 5858 6307 7243 378 2919 5457 5534 5039 1519 8248 6328 7545 5531 3638
21 2774 2681 9628 4299 2112 9604 3930 9911 4667 9330 7904 7016 5271 8478 4360 6561 620 7706 9764 3289 2130
19 7064 1251 6710 5303 2180 9171 9156 7176 7501 5350 9488 3365 574 3125 2629 3787 7112 9834 5404
17 7911 6669 9871 7211 7019 3469 4690 5389 5689 8165 9235 6284 228 9808 4463 9024 7600
21 2247 3865 665 5627 4607 7576 8820 5340 4878 1964 4801 6126 8852 9310 4757 5555 7669 3095 9095 1001 836
19 583 9602 9631 9314 7732 7941 5221 3079 1624 6042 4004 3771 3243 9036 204 7395 1147 2926 7059
20 2313 7372 5234 8876 5033 7822 9592 5804 1834 3828 9327 2336 5078 9603 664 8451 1234 7166 1020 7489
20 8787 4196 2235 753 871 1458 3421 1679 6363 1145 322 3844 9594 1829 1056 6217 4149 5988 432 3069
19 7229 8892 5511 3993 1211 2374 2309 5139 9629 3353 478 7517 5418 919 7696 1662 2592 5449 1009
18 4066 9813 4285 9537 2527 8664 3772 3316 9460 4423 7695 6551 1607 8515 9596 9014 6433 4580
18 1332 2957 3603 1201 6454 141 8851 3031 7384 518 4135 3917 3096 4095 522 5895 7436 4005
14 1005 4648 2245 6601 2355 7513 2907 8624 4368 3283 7175 5468 3889 1190
20 1883 9691 8419 4021 8761 2969 9438 8150 4365 9978 6086 5772 6040 2962 7055 2114 6358 5248 329 438
22 1833 9920 3047 9276 5310 1799 9934 151 1783 3832 9079 7504 2616 6671 8349 110 5197 3287 3957 4820 8054 4041
16 2949 9320 9586 2613 3531 6041 4038 8544 3489 6776 6154 6992 8781 2503 5460 2669
19 1447 9316 601 1886 8300 5329 695 4805 9224 9080 8347 3563 5775 479 6631 9646 6546 8612 7784
20 8630 2230 5054 2434 2076 1475 8533 2766 2082 2272 1934 9880 7556 2549 9404 9119 9005 8849 5604 7093
22 7399 1489 209 4245 3117 1004 4628 6908 4217 806 3674 8387 7345 5430 2058 2858 5972 1669 9120 6693 590 8740
20 3025 9543 3554 66 9263 7562 9720 8603 9607 2561 8197 8006 5930 5319 6577 7487 7416 5239 6434 7058
15 8783 2881 8042 896 546 9701 463 959 6799 3293 6679 5416 7919 652 8330
15 1776 9412 4940 3958 7043 5764 6641 2935 6773 6628 3164 2891 8706 145 1022
20 5717 3891 2539 8803 7152 8973 3798 7614 9351 6105 8061 760 1083 6852 8611 8702 6291 9507 3246 3402
20 7156 2118 9353 2160 2395 1309 2393 9056 6542 3152 9899 340 9174 1076 4174 5269 2321 9589 5108 757
10 8932 9806 1723 4034 7604 387 9593 4970 8738 3560
15 29 6752 989 9392 3373 118 1417 6103 285 8031 470 1744 7074 5399 9914
15 696 128 956 4228 7364 867 6883 754 4168 125 9188 3706 8474 5272 5573
20 8204 6192 3022 617 9265 4776 1820 2052 6397 2688 2149 6254 2705 3835 2301 4611 8735 6242 831 8120
21 3869 3461 4404 1232 6460 3799 1810 9247 4442 5963 3244 2419 5947 3834 4146 1484 5549 5580 5817 4451 8154
19 4078 206 7430 4485 3418 9612 52 9784 7260 9233 4039 604 6369 5290 7039 2914 5647 1082 8923
15 1605 3779 3565 1369 8164 4800 196 8177 4369 6314 7925 4116 6890 4610 5254
19 7952 4255 7698 4318 8742 5087 6178 8688 8775 4136 7520 7388 2405 5965 1954 2064 9210 9831 8949
15 9166 6455 1503 7922 4123 1752 4539 356 8920 5456 3171 9115 2472 9432 218
13 3148 5698 4020 4966 7445 3584 9508 4312 9727 2936 5759 1608 3341
19 5343 2657 4115 4139 3364 7466 5481 5417 6008 8778 1196 4581 885 9942 4189 8091 7289 4191 1107
11 7455 8774 4410 2600 3435 2706 4971 852 9547 7674 978
20 3442 8290 4297 9738 8116 7456 9741 8976 9237 4521 6906 3598 7858 2750 9715 2223 9997 7138 1887 1495
19 3596 3396 1386 7448 5160 544 1774 689 3235 2682 5355 9415 7981 3254 8398 6715 906 3020 3224
15 5868 2626 655 2852 2174 319 9114 453 534 7848 1361 5153 5924 7268 4321
21 4435 7546 4587 8273 4384 2809 8799 3404 7353 9318 1237 4110 5788 1848 3415 1728 6373 5718 1210 2822 6448
19 8302 7428 8784 3795 4652 5382 9724 6235 4942 9933 8771 6428 68 2391 9690 6685 7751 2983 3931
18 6404 277 3585 3398 8035 6367 1466 8516 731 1941 4336 3144 1205 5634 6195 7476 7824 6518
20 8149 8426 5351 4366 4227 7045 3501 3416 1857 7619 8013 4678 5588 526 7307 5499 2289 8185 7467 4865
13 622 1588 5012 6719 4213 2972 4085 5992 6149 1996 7254 4131 1626
18 1138 5214 8747 9165 8266 3997 4821 2740 8432 2420 903 6050 4422 3604 4408 5964 8701 2172
17 6541 8792 3370 9177 9077 5372 4486 8961 547 1606 5022 8255 9590 480 2594 3871 9489
21 1978 9495 2992 5107 4555 5088 5298 5782 4515 3328 8935 4982 5577 4524 8388 6371 4600 4383 8216 5753 5501
21 1113 4109 9382 1910 2404 8220 6161 7647 6772 9867 1125 6539 2263 2646 3634 7396 362 8888 6073 5953 176
23 1838 4635 6392 169 4593 5405 5567 6806 7689 3547 8811 4144 4831 3927 3806 9245 6501 8589 2554 3923 9940 8001 7842
21 6965 7648 5816 6213 1523 8214 8159 1199 9136 1435 1057 654 5936 2328 6640 6653 1303 4242 8078 7404 5854
14 7657 4848 7190 4400 5770 9141 8383 5061 964 9591 520 5765 3084 6960
19 9405 9274 9144 9625 2654 3829 2 543 1345 4710 7969 1370 2471 7780 8752 1173 188 7713 913
20 4536 7319 9511 2831 5579 7924 1822 3763 5421 1053 4684 5741 6315 9903 3063 6770 6032 9220 2540 148
19 3333 7631 2999 2187 2885 6963 2945 5600 4259 6014 2030 7887 4342 5873 3248 5581 6052 9937 2677
18 3008 4421 6615 292 3345 5967 7796 7781 3841 4739 2381 346 1928 5871 3872 9971 2516 995
14 8489 9627 6473 8529 1595 5907 5692 2340 1567 9958 6937 5752 4434 7522
15 549 8786 9116 6639 1436 4989 8843 3925 2837 887 7914 25 7029 1225 2709
18 8950 4233 2856 881 2898 3561 4378 4632 3446 5611 7378 9468 1242 9568 7977 12 3858 6127
18 7435 2147 7685 7785 5426 8562 5083 7018 1291 1477 3822 9016 6592 5129 2161 6461 5876 6889
19 1227 9636 1684 9158 2260 5356 9328 4916 4768 173 154 1298 5820 1987 2946 3520 2224 1522 1426
20 5222 5829 6438 3940 3133 9632 4561 3606 7125 195 735 4612 7491 9339 9956 8858 9936 2312 2755 3857
12 9187 41 6842 3453 7425 5123 8551 4232 3777 6532 3769 2939
22 5727 4661 8835 9524 7092 4017 9505 2515 8857 586 4734 7403 8569 1026 103 3525 5081 5419 5141 2456 5476 2922
22 7709 5996 4502 9613 8112 4986 607 1480 30 4802 8345 2159 4489 4152 7578 226 3852 7257 2310 3158 6725 6479
13 5615 4815 7628 9475 1660 3498 8428 2024 7853 8427 7212 6487 5059
15 8840 5954 5783 7595 6579 523 8987 2373 2109 8270 8828 3440 7126 7290 9910
19 8342 6155 5668 8030 2640 2702 857 5163 4388 2950 738 628 3427 4288 5459 8602 6147 392 1633
19 5402 4794 4807 6141 4862 3609 8510 9038 3256 3395 5696 9991 1520 3423 2604 9290 8607 8808 9608
19 1438 9012 2382 4664 485 2568 4167 618 5184 6608 6249 8846 5912 8894 6341 9703 6717 5446 4492
20 1170 2198 1106 9684 7837 5708 6730 1953 3352 5645 570 5940 4462 2529 8352 296 2423 6246 6087 4599
15 55 825 4656 8737 9101 2192 1448 3494 9442 4289 1548 2579 5691 650 641
19 8262 9306 6536 3325 7010 6393 5247 5180 6137 2485 1621 2387 8558 7181 2823 1074 790 1547 6768
19 4877 3403 7683 8236 9923 8780 9785 4692 2148 6754 9762 917 7185 9615 1112 8503 9446 4568 7700
20 7293 1276 1873 2140 1721 3790 4330 6122 5068 7449 6091 5115 504 4010 197 1403 9061 3012 7146 840
19 3409 2401 1518 4101 6512 3839 8038 4358 744 4258 6162 1162 9465 4519 2671 4729 447 7899 8654
20 7188 7224 6739 775 7234 7120 8400 1402 6609 9112 6429 6791 4923 3581 2349 6136 221 4231 7001 5859
18 6502 4154 8093 5751 4256 7037 4394 2452 7237 26 6372 3223 9098 6731 5252 2259 5361 2269
20 2738 3976 846 1693 3904 4236 2804 8007 3 3399 7098 8280 8697 647 1400 1915 1935 3014 8606 1510
20 5227 8198 6985 3746 193 4499 5999 4044 6816 999 3960 1183 4333 5528 8765 1336 4996 3522 8690 6470
20 7398 9559 8187 4171 1613 7817 5880 8725 3130 8689 1696 1578 3642 7084 4108 5048 5224 7350 4904 5883
20 1637 2523 7557 2930 4792 9408 2122 1819 5032 9828 5590 7030 6092 1445 8355 2764 9454 1614 4929 8375
20 9670 4935 4867 6296 5347 1046 2480 6218 6864 6622 7130 7536 3725 5546 2968 5560 3698 3600 8959 3259
18 3249 5089 2896 704 3062 8026 2938 947 2400 4092 3455 2433 2701 2514 6792 2550 7742 4241
22 3580 2928 2442 1079 7745 4969 3691 819 1814 7944 1533 3804 4480 9772 4896 3460 3762 6273 9387 3679 6212 616
19 6607 5554 9105 6340 1494 7697 4074 4106 8437 3237 5383 3713 5286 2363 3219 6445 1377 4350 3620
