29 156 6190 5209 6250 5263 4227 1138 2908 2289 734 2373 54 6378 7532 2666 5409 8599 1645 100 6193 5563 4968 7073 4255 8695 3451 7934 2267 7272
29 4891 4980 188 6655 9702 1961 8006 3871 3544 8912 4334 6648 3795 2984 3175 5956 8867 2407 7428 6691 5321 5089 9680 8112 4666 1820 5845 2634 3595
29 2870 1788 457 7969 9817 1515 1055 5596 9990 619 4856 9029 4696 6878 3220 3963 5531 7181 9162 2696 410 7818 4296 7019 2862 9613 145 6663 5255
29 2717 3581 330 5127 9636 5448 4948 2334 1725 2989 6856 7645 564 5817 4199 8223 6924 6628 7040 4439 155 9369 9514 6335 8845 12 4793 6898 3767
29 45 3860 8434 40 2614 7715 489 1151 8793 4500 168 5036 9249 5874 9902 2872 9387 5884 3754 976 8380 2438 9602 7342 5391 9064 8062 7747 3082
29 6428 7735 6200 6482 2353 4408 8417 150 190 3683 4241 8294 4295 1929 6156 4072 514 6946 3162 6035 6297 765 8127 5091 4798 6637 9358 655 4131
29 3353 5703 7695 9930 3620 8277 9229 2744 4465 230 4062 4443 2923 5848 5152 2251 6521 6725 7027 1901 8181 4816 114 4593 7517 5430 8589 1946 647
29 2995 9696 656 4327 3696 9761 3783 7393 4385 5434 5601 686 1920 7025 2845 6837 4232 4118 6120 1116 3935 6903 8104 3848 3661 6012 5432 4963 2611
29 8141 7855 2241 8566 3582 2144 4093 3040 8036 1219 9690 1564 1698 8509 838 9355 7836 3596 801 8800 1357 4971 6917 7520 1947 5276 8270 7533 519
29 2584 4759 9942 6003 780 6242 1750 250 3430 6824 9771 1000 5281 6941 9334 3344 6306 6050 6058 97 2455 3725 8485 9032 1981 9347 371 7655 537
29 9475 750 182 7864 2135 1681 5058 6994 7317 1797 4857 84 9372 6665 305 7013 2708 4054 307 3012 2628 2240 9789 9572 9805 5650 4827 1367 1793
29 4467 7545 7115 6871 6102 5896 1131 2242 5084 6795 3229 7345 8659 2004 9256 9290 8200 9551 1480 9005 658 8030 614 5017 517 3601 8585 7854 2103
29 1566 862 3681 1590 7084 7249 7408 7872 3770 4900 5322 2928 3124 9458 3446 4177 2245 762 7563 8 5626 1381 2374 5016 1266 3311 7631 2668 1766
29 6430 2563 5984 9304 3291 375 6779 6359 9186 2919 8877 1867 2720 1102 2615 1439 4838 398 2164 3550 4225 7954 1447 6499 2627 65 287 4111 9354
29 6424 3720 910 2482 3396 2746 35 3651 8812 1118 9842 8191 4376 7118 6414 3897 633 613 3615 6788 4333 9682 7498 7074 2478 41 5374 3285 3107
29 8220 7006 5934 2472 8540 9790 5166 9745 8641 871 1011 7863 3290 8094 2704 2949 9209 8333 4860 8098 3093 4859 312 2405 7923 3457 5736 3530 6148
29 5254 90 1712 1205 6407 8615 2018 6361 5878 2552 8147 7935 9216 9160 4943 8732 407 3085 355 829 3736 4772 821 1337 6745 2329 1136 3570 7326
29 2851 5233 4088 7335 3126 2768 2710 2531 9619 468 995 9908 1935 5664 3028 1783 9169 247 8367 4441 3738 1859 9063 2454 5985 8218 3008 4771 9577
29 9191 8404 9695 5669 1597 768 7375 1342 4025 4388 1189 6707 5913 6829 6591 2527 6170 6760 8107 2639 4285 9259 8388 25 6709 5526 2349 5851 98
29 9014 1831 7015 598 4715 605 1487 4089 4874 8040 7761 4290 6367 1467 5075 3211 9513 1973 599 3394 4220 8521 6774 3369 2264 8880 5698 5007 6491
29 5062 7229 8740 3618 3268 8418 2840 9943 1253 8588 8258 3407 9179 8963 3441 8095 6180 2447 4572 672 9926 4620 2553 441 6916 9828 2807 2952 3642
29 7849 9360 7397 8745 1197 5860 1203 6747 9853 9270 886 9780 7596 1262 3894 5477 5642 6712 8233 8496 5623 1155 351 8535 652 4437 8298 2804 6413
29 7138 5030 9104 659 3707 3275 1412 4550 8840 6847 1643 1002 7429 6915 4551 611 8534 9671 1625 3337 2816 7263 9945 8818 9962 575 3349 3159 4978
29 4523 1125 2554 5675 9382 9258 3114 3858 8000 2538 3313 9127 8691 9279 2204 5695 7750 9426 524 8208 945 7303 4426 7583 4877 8658 6371 2587 1445
29 7782 94 9635 1410 8530 5416 2258 9184 7748 1307 6185 6183 5890 3136 7114 6743 3650 6315 6083 1379 562 4445 9539 6887 7477 3668 788 1690 8898
29 6042 2711 8710 3914 9899 3733 6727 4692 9044 2892 3813 2474 8855 6684 4637 7053 4970 9262 6827 657 2958 7311 8789 374 3909 9586 9866 6561 4915
29 820 3832 1330 4957 5244 8663 9494 662 7405 5045 4665 1166 4379 855 1249 9232 6714 5957 8444 9516 3617 6080 7101 3948 7746 205 1678 265 6091
29 6507 3179 7031 7458 2815 8584 2622 7227 3100 2947 3110 5083 3134 5306 1771 6380 7626 2792 7357 3428 2366 1687 8179 8955 3547 378 4461 1954 1868
29 3016 1539 3772 8052 1124 9322 147 8478 1836 8723 8668 5420 8665 6298 4371 6282 9047 7365 4498 1970 935 2621 8451 4884 7332 7968 5621 9431 9346
29 8097 9446 7402 8875 6910 158 9121 4358 8154 4055 7950 1206 115 8371 1892 3525 3799 4836 4618 3566 7420 8719 5649 6769 8043 2848 7861 7153 4329
29 1999 8267 552 2858 4926 4636 1639 8572 7981 4785 5509 2760 3127 3502 639 254 1886 6649 9730 9512 6081 3561 9569 8084 6818 4682 7764 5991 9604
29 1826 8383 4807 2715 432 443 2154 9078 4630 7835 2028 2062 7877 3778 5072 4756 2695 5573 9345 5616 9843 9649 8716 948 7616 8830 5844 8715 592
29 3491 1752 5136 1036 2755 2701 8178 311 5969 6515 594 8159 2520 2576 7035 4373 4814 4321 3776 1884 8664 7594 316 1479 7411 4981 5928 503 3375
29 1965 994 3051 16 291 3347 7412 9406 9660 6276 6263 7531 2408 6809 1094 1114 5040 9653 9641 7095 1077 423 5085 8777 2498 1446 9580 6647 496
29 8995 1377 8134 8625 4249 2873 9909 9272 3427 1883 7257 353 1489 3695 1963 4845 4496 1156 4475 7398 4233 7862 9101 7505 5795 4762 3062 2007 6575
29 8849 2198 4951 1148 3811 7721 7327 5850 5911 4396 6364 3146 1695 9118 557 8926 1977 884 1684 7098 9102 6825 6241 149 8002 5849 8771 3188 7649
29 3423 7297 5846 3987 422 9027 4730 5446 6547 4174 3379 2986 5290 3251 7130 6365 4700 2047 3621 5194 7786 5607 2336 5629 8712 4224 6496 9827 63
29 719 9718 3630 3781 2239 6255 1677 2745 9084 3648 8391 7423 6882 9736 895 5299 6802 8321 8537 807 1332 4013 2437 1995 7463 4695 4714 9873 6479
29 4466 688 4765 5462 7985 9937 6551 5396 9240 4577 7409 3035 1303 3317 5820 2060 9276 241 8563 1757 1234 4810 9198 5158 9934 1015 3468 5284 9600
29 5057 2086 6600 5153 4476 3292 3847 3486 9491 4306 9067 584 1126 8639 8109 6048 6376 7585 1246 6875 7211 5449 2784 455 2866 390 8402 7165 1637
29 1813 4447 2069 9352 1776 6520 8500 8488 2142 5704 21 4127 5828 406 3063 3677 1173 716 2271 4894 2605 2190 3910 3141 5936 990 5317 4419 6422
29 2993 6668 281 5115 9416 5066 6710 6369 5053 9442 3364 1709 6948 339 2114 9681 9098 9471 705 19 7945 206 8962 8747 8146 5256 2969 5681 5638
29 175 3209 4568 1675 6410 3755 6658 9892 1767 2183 2078 6927 9222 6176 1146 96 4033 1611 7093 6571 725 8163 195 809 9353 4561 4940 7908 2451
29 1769 8948 9747 9891 5151 8046 971 9183 3780 2960 5413 6252 5905 8185 4448 6540 7546 9981 5799 1649 3787 9013 1731 5521 5110 4841 8574 9838 8351
29 7426 625 5903 8717 2051 6876 3804 2774 5301 4864 391 9983 5766 9792 3747 8990 9630 5001 2022 8692 2676 3223 2905 88 6327 5285 6626 6806 960
29 4322 9213 9361 108 5999 1257 8201 9975 4193 5100 7091 1630 2316 6508 3941 8942 2714 1341 772 5267 3397 4427 349 2063 9576 5787 1211 2134 9895
29 9392 8961 9441 9408 5148 9625 1854 7675 8687 1032 5592 2643 8605 4986 5135 6545 9140 5628 9706 4405 7170 2196 8763 2491 3938 3663 8619 3808 5107
29 4616 7511 8166 4239 8273 3186 8754 3556 4145 1671 5906 2826 8604 3464 3477 7763 8667 1033 1955 9432 8059 9610 3586 3352 3988 6068 2814 6133 8311
29 8644 9740 4259 8003 6237 6280 7299 7489 4545 4031 7243 39 6612 6272 4157 7779 1673 303 7003 1101 7193 4729 1500 4038 2211 677 3030 2528 4361
29 5046 2297 3575 1100 3295 8910 5857 8264 1895 5277 1986 5404 239 6735 1552 4421 4240 1950 7225 5164 707 2102 7252 3559 2422 5747 120 4875 1199
29 8946 4574 1746 5997 8613 2394 6427 6446 1603 4559 3228 2178 3174 9501 8675 6439 830 3325 6695 1729 2880 8102 607 197 5882 7856 5257 9882 4625
29 8099 4805 6461 6092 4622 9963 6622 3170 3185 4264 1516 4021 3121 2235 6006 318 5539 7231 4763 6381 8021 8738 1443 9342 509 3092 3218 5562 9558
29 8078 816 3937 5815 3954 4933 2359 6286 425 7765 2097 3055 1933 3010 1885 3102 7500 595 5463 122 2347 2934 7977 7972 4411 7951 1027 4097 7460
29 2805 4581 3258 8949 7528 515 1300 9648 3037 1120 59 1908 5768 189 2970 367 3837 3824 9266 46 6107 160 4265 6797 8803 6667 8784 3554 4087
29 3766 9443 3701 7922 2343 5144 4903 3619 4589 7580 1683 4720 3147 5993 7702 7126 3599 3193 424 438 151 9605 1311 9557 4615 6798 7926 6732 9255
29 5832 4949 5492 2736 8053 6123 8093 5177 980 974 1526 9247 9466 603 1530 7385 645 5331 3433 6870 4154 6852 6899 1790 486 7731 6094 9643 2423
29 746 2847 8415 2599 5400 5654 4514 117 2064 7024 5530 2647 8611 4546 8338 3370 2593 3884 7961 4686 6401 3358 3498 4959 5549 1385 5591 6173 3748
29 1472 3496 4170 4909 9612 3716 1229 7296 1098 2722 5547 7387 3314 6471 5767 1052 494 985 1624 6285 6514 2210 10 442 7518 3197 1327 3444 4539
29 2038 7781 554 8120 1600 6794 8634 174 8274 4736 7209 9704 6025 4713 6502 5775 8087 3293 8259 7582 8735 2575 9657 1930 4936 1486 7470 5473 5885
29 6423 4397 3972 8586 1558 1588 3242 4452 4044 5763 9760 5124 1934 7242 1504 6841 2290 1240 2602 6555 3032 8411 4036 7717 616 9927 7966 5836 4789
29 7584 8545 49 2003 5968 6868 2642 5303 6793 9737 7776 6999 3635 9464 8378 6448 3409 7591 1291 9614 1696 2317 3712 1347 5527 396 2059 6537 7264
29 78 2351 5886 6509 3177 73 8381 1258 5168 3069 2725 1460 8861 2675 8140 1382 1613 5003 1743 4731 4528 770 5776 1951 8846 9423 9829 3870 6627
29 327 6543 1040 3005 9967 6016 8746 9898 9314 8206 4124 2153 7404 6486 4633 7271 3927 5899 9530 9566 6641 1455 1031 2383 8736 6311 1184 7899 7414
29 8315 5837 548 4717 9095 9549 4703 4478 8680 400 5597 8008 7990 2404 7146 9050 4438 7143 2402 9897 7749 7182 372 4366 6415 4872 7997 1596 7527
29 4611 3104 8952 5553 7109 4628 8012 3439 8848 3785 6033 9728 7370 6114 9923 1122 8614 5399 1286 9807 3597 1827 4463 5359 4973 2904 3474 845 8194
29 8598 1942 4507 2305 5598 2126 6816 9235 5439 6708 6171 8296 510 1418 8489 6075 3576 4541 7208 8086 5203 1658 5765 7601 8935 4735 2481 6656 2367
29 9189 9538 6640 6258 4560 9773 4323 8718 743 1083 6800 644 9300 3390 914 1713 4800 5810 7433 9088 9834 4755 9167 8606 6784 501 6271 1791 2791
29 9601 3632 1339 5310 8820 706 930 5457 6550 1971 9526 8505 6763 7884 1662 8713 1511 3184 8921 5288 2486 9399 8169 6076 7396 7223 8187 9860 3227
29 6808 2698 8977 3694 1152 5051 473 4395 9457 8476 4460 9332 9309 6406 5606 1221 8401 461 5655 1394 4234 7657 5155 9978 2203 4380 7772 7774 2107
29 1587 773 5555 2769 2767 238 8756 5742 2477 4158 8067 1182 2416 1847 5800 2324 3535 7823 2118 279 7255 3053 8647 1685 9759 9080 8290 1653 9481
29 1579 6982 4238 9933 9384 6912 704 7896 7693 3532 360 2656 55 2944 6483 8908 6617 7292 2420 8822 6831 5141 1328 5764 4984 5918 4354 7260 5707
29 6197 4634 8850 3951 6351 5945 851 4809 720 4483 6069 7108 2998 3321 8630 7172 9066 17 7684 7956 7565 242 2566 2896 3940 6008 1739 5674 2504
29 8858 3210 5653 2876 9273 3412 5022 6817 7755 6268 7522 8755 9618 6721 4776 815 5487 5422 5927 5362 1324 3591 9377 2427 730 2516 696 1235 2659
29 9180 7186 5973 5129 229 6753 1198 80 1620 3388 878 2188 8956 7321 6228 2287 2364 6724 8331 853 3115 757 3627 6838 3196 4600 2075 9109 3048
29 1938 7720 7475 3476 5333 2401 6341 8328 87 9203 9562 300 3356 6192 585 9196 5590 4946 2131 5641 4029 8126 186 7618 1227 6988 4643 8683 3504
29 4119 3198 2365 4650 906 3411 7361 435 9554 7097 972 822 2685 4382 8901 2326 9999 507 7350 8457 7819 9146 9536 6534 9208 8682 4268 9163 1185
29 1572 2090 1842 3322 7116 3238 6519 2738 926 1259 569 1069 4428 5840 2837 8610 2697 5989 4842 4853 6937 9840 7987 5677 2731 2105 6320 4418 2630
28 2265 7047 5941 8778 2906 9629 6566 8620 4799 5012 3280 9703 1948 805 7831 2283 9683 5419 1471 3761 7057 5753 6501 9766 251 3207 6722 8932
28 526 4796 3579 6936 7976 53 2838 975 6553 6277 7925 4533 6581 7809 1726 4113 6861 7813 7832 4991 9656 1107 5184 5560 3936 5685 2829 6546
28 6570 3288 8870 7552 6563 1913 8933 3520 1839 7401 8760 4168 8507 5073 2560 4727 5394 5631 6734 3967 7535 6733 823 8203 77 5471 9971 6952
28 3440 8246 5197 7744 4050 7436 6007 6389 4117 7455 332 7400 5830 7104 3801 9424 4656 324 8056 2871 6070 506 8965 5996 6059 5729 2850 5044
28 586 6897 2785 8885 7867 171 5201 7356 9451 5403 1708 7267 4547 198 3096 4902 6621 3046 326 9644 6880 3538 9193 640 8117 574 8037 1665
28 1574 3076 1285 6234 3323 5949 6049 7278 1777 6329 7503 9502 8989 3807 9996 7307 8972 5688 6527 4301 9319 3739 4362 2328 9285 6573 1473 2296
28 601 9157 6959 4279 404 8072 3917 8873 7483 6630 3742 2502 4179 8066 5716 4258 7803 4085 1190 9230 9663 118 8772 8555 7386 8195 7921 8964
28 9284 3704 5195 7244 9751 8266 2301 2410 2961 1693 9970 6773 6206 3199 4368 3853 9427 6124 3737 6333 6608 7293 8922 2250 5386 7789 1313 3436
28 9106 1359 7694 9559 6869 3118 8320 5784 841 9126 8369 642 3284 6129 2464 3672 2564 4847 5468 7640 2831 217 7754 1716 20 3168 9388 9837
28 4661 6257 5475 3099 82 4355 8564 760 7111 2009 2030 9964 7340 8007 6450 1598 2341 3602 7732 7507 9341 1202 6583 7523 8110 8953 2380 6279
28 962 23 9200 2037 60 7957 9803 6522 2207 5407 4201 2887 2314 4603 2671 214 8276 3253 3414 4899 1157 8467 2865 5819 7617 5678 2594 6942
28 3145 6152 9951 5751 5585 9590 3033 2674 4004 8150 5951 9664 228 9694 2220 7556 3567 4865 370 1335 1528 1699 898 7868 7192 8305 1727 126
28 2452 1035 2000 9042 6790 7180 2609 9936 8005 3481 5311 8857 237 3065 7692 5268 7630 6326 8827 5111 1355 6290 8706 9074 1958 7089 6960 7540
28 3155 474 2874 1835 1421 4718 4795 2748 4341 1039 1092 997 865 7509 7058 2125 8996 180 6054 7646 3189 8508 5380 3510 7521 8024 2985 2661
28 2209 7606 9568 850 3764 15 2429 209 2937 3340 3791 4375 6368 6337 9060 758 8028 7570 6967 246 1722 9225 5286 6782 8708 2716 6332 4063
28 9888 6488 336 6155 3907 7865 8913 3420 6162 5028 5192 2913 9370 863 7363 8031 8370 2690 3031 454 8809 7169 4267 6569 9705 3979 3366 6480
28 4852 1415 6151 874 5612 9462 8494 4273 9415 1427 8894 6997 2852 6063 831 4280 2224 4780 875 9199 401 6342 5120 2964 7788 7900 2670 3876
28 5014 9589 3899 4217 9268 2221 9356 8532 5802 3176 9720 2120 7949 6291 1358 6220 2432 5252 646 7403 9938 1646 6593 9953 9143 7726 3957 7534
28 9111 2607 2855 9797 421 2775 216 4566 6535 2595 5350 3273 7056 8038 5426 3978 7622 5340 7964 4778 8600 1989 3154 8520 7770 1967 6404 212
28 7148 7175 8851 5247 1465 589 8050 2136 7202 4095 4431 8967 9655 430 9177 4335 2292 4070 9779 7366 1755 8359 9433 4631 1393 8776 8151 5988
28 701 1512 2954 5895 5258 7144 8727 0 5406 8477 4281 7076 1085 4343 1353 3616 8497 2229 9701 6987 8091 6592 8433 3727 6533 8895 4516 9768
28 7653 7566 5077 3201 6177 8766 9989 2433 9267 6860 4822 1023 3241 1406 2010 7757 2043 4191 5986 7797 136 9449 1669 7644 6356 7741 5789 7886
28 666 4922 2442 7516 8234 9678 3667 8673 3711 6015 8358 8284 5834 7288 7276 8283 8960 1073 6127 7780 5743 7665 5300 2638 7280 8416 6524 5227
28 3187 7179 1021 5881 3367 4314 7239 3513 4247 51 6893 872 403 5600 8329 5646 4750 3231 7285 7826 4216 2421 459 9924 4688 5926 4512 7555
28 3831 1191 6595 7253 2966 5726 5348 4116 6473 4691 8499 3298 8538 1261 5230 7615 7155 8587 8113 8795 6934 5518 1633 4369 5459 7804 5897 711
28 1048 8504 5069 1614 2914 4587 2298 6744 2525 8483 2547 3955 2033 4098 9935 5565 1117 2806 4861 7959 329 4849 7967 5702 6920 1022 9161 1651
28 8551 9288 5528 2459 8074 1217 2673 9107 2179 6567 7727 310 2465 7973 965 8129 7912 6400 5708 5923 6019 5992 2729 4450 2510 6762 7123 4014
28 4078 8472 8492 3919 1267 2992 9665 1998 4444 2955 3743 2325 9490 3568 3461 3657 6953 2133 631 4464 1463 6477 5341 1454 2093 4698 9018 7820
28 9988 3775 4773 2399 3405 6481 2375 7541 1730 1248 9281 1402 7846 7712 947 9312 1828 7808 1058 3600 9541 2377 6541 1375 8018 3057 4586 7315
28 4473 3492 6765 9052 2841 7974 8375 4472 8441 465 9500 8976 5162 3974 2882 981 52 2113 8300 7372 9298 1274 3257 7595 9788 9398 4791 6061
28 9488 8653 5740 9632 7575 1787 319 9583 7142 6344 2735 3553 4092 6908 9024 4109 3895 5098 6789 9532 4022 9305 6560 9686 4228 4947 2493 1778
28 3922 2496 6992 5472 5298 2339 4307 6764 1759 576 3797 6098 331 9414 3889 2508 9734 2333 9676 9965 3230 3572 5445 9291 2311 8916 6650 9982
28 934 8183 6093 5377 9454 7185 9961 5587 8876 6472 5578 741 3456 6484 3026 9668 2692 226 6863 1230 4626 8635 5305 37 9679 491 7850 7559
28 9435 7639 8170 667 779 1293 4673 5875 3715 9178 9815 7939 3488 4045 5006 4146 5199 9647 72 9386 7302 7562 3483 5538 573 3226 953 9802
28 3590 2803 4757 5128 7650 1612 5188 6215 5570 6872 6574 9051 6082 877 9299 2187 2312 812 9867 3690 4939 7017 8622 894 9900 6184 7839 4635
28 5482 596 8073 7384 434 8992 1996 4642 4017 9093 1493 4869 567 1352 7167 4434 4843 6387 8997 9944 2073 5710 2392 1877 5261 8792 8945 1990
28 2672 2713 7183 2469 2747 6322 3949 3281 6559 8603 3506 9654 9651 3759 7882 802 4106 744 2941 8161 8340 2089 7486 9082 2537 1071 9152 447
28 8546 6720 416 1809 4910 9708 703 2331 8469 323 1899 1214 9739 1661 5752 1054 7438 4609 9511 7067 3658 2669 6702 8363 5725 8893 9645 7996
28 3216 9498 5206 5461 5658 6657 606 3830 7660 5568 4990 8813 4215 8925 6418 7378 6146 4404 7447 6247 7497 4242 2612 754 7413 4384 2532 6121
28 8786 3025 5721 7724 4200 9915 2439 5506 8528 110 753 7377 5441 9844 512 5746 5484 8900 8674 3217 579 3990 5140 1538 621 2907 2456 8009
28 9742 2550 9743 429 9190 4867 9955 8577 5757 2320 532 6590 4430 4218 1636 9852 4492 8034 7373 9125 6923 3823 6858 9069 8637 3120 6974 7215
28 9872 7337 8143 2244 9129 3851 8176 6652 5510 3908 8213 6460 6018 1642 5727 6698 3418 2070 9875 6525 8785 9603 9620 6077 5196 5734 5216 5065
28 5835 1925 915 7698 4607 1923 7691 106 7993 2646 5440 2935 9228 7663 2348 1819 2111 3432 8054 6558 867 8065 1811 7683 2718 9113 3279 8753
28 9049 3782 34 3350 1210 9241 5435 9310 5312 4652 2011 6674 2066 2500 210 8688 5187 1578 5572 6023 1078 3309 7461 2115 717 624 8539 3071
28 3387 4066 8971 6117 8193 5990 792 9362 9531 9889 6918 6552 6352 1744 7586 66 1169 1584 6775 9521 8361 5172 2597 8174 4271 3653 2099 7341
28 5524 9243 191 3560 9752 5783 1344 7561 8322 7664 1104 8931 2080 8842 5191 6629 4522 2975 2344 5754 4558 3676 2079 7524 2709 7214 3305 5470
28 13 5097 7011 3867 6283 4053 466 4048 3429 3865 8617 5106 3686 9010 5346 9400 4570 5640 3638 4806 1534 6420 1318 714 6490 1601 8774 5410
28 6392 9447 1805 2140 5574 2677 8798 5556 5159 9274 7816 5289 1650 4074 2939 7069 5248 3790 2460 8825 9373 3070 9348 692 8979 9474 7965 7756
28 7914 4662 7529 6363 4386 2279 2918 9753 550 7415 2260 7432 8666 6945 8254 6644 4059 2299 4133 4711 9245 9379 4336 1580 9112 2008 578 6625
28 681 8730 8017 69 1737 6379 2129 2950 1802 9317 9812 2255 5332 4748 9091 2278 8029 325 4086 3077 1513 1953 6909 3998 6660 3173 7474 6055
28 3636 9688 1186 460 3009 1969 1542 6393 2303 7374 4178 1292 858 1829 9326 5971 5958 1732 4372 5630 9519 885 1974 6086 7810 8891 282 8395
28 4049 275 7496 6032 9139 2801 9394 4134 5401 7784 8330 9821 5611 2657 7012 9616 1918 5692 9911 3395 3966 7140 3447 1728 6828 9987 3202 1212
28 7427 7539 3501 2012 8204 397 3479 2238 5253 3487 1158 8222 2859 680 4276 2300 5880 5236 8304 3751 7444 8342 2824 6431 6360 166 1533 6017
28 7662 5336 8286 3682 9627 5229 6221 8741 420 4929 3277 4582 3435 7682 751 6438 4164 1780 3244 2742 5656 5250 8836 2812 6002 1288 9100 2157
28 4141 5388 7014 2384 5005 4082 8410 1368 689 6711 8318 5770 8248 2743 9547 2193 1088 5651 4837 1273 7 5735 2545 818 4479 8060 6189 6441
28 3611 5467 7173 6459 5182 6985 6411 1932 6300 3320 4921 1589 7989 3393 5067 4424 1050 538 5931 8705 6126 3521 7512 8542 6181 9687 4832 1508
28 3709 612 1807 8733 6113 4181 1865 9350 739 7812 3546 6976 6388 7043 6338 9617 193 4453 268 5087 6645 9550 1900 5946 7152 5092 5050 9914
28 7674 9031 7439 1275 9120 9874 941 7960 9327 3774 4728 1444 92 9261 9359 7515 4149 536 9473 5335 5143 3626 5709 4320 1396 1010 2781 6088
28 8044 7030 8513 7894 5226 6844 6299 8463 6163 1545 2867 7213 3360 861 559 7212 4525 7410 6232 7051 1987 4537 3542 1686 79 2345 2786 1911
28 570 3247 528 2971 4123 8421 3225 1194 8262 6385 8573 3434 1128 2534 9796 5546 1047 2886 8671 176 6834 1529 4790 3219 1474 2881 1928 3386
28 602 626 8592 7191 3992 5797 8569 9461 2846 1980 8628 301 8035 2973 2540 5978 4693 8116 3263 9142 9684 8157 8243 9065 1765 852 5481 5240
28 1753 7487 8969 896 4195 4393 5167 6738 685 2071 3863 6814 2092 9455 8348 4839 3971 6249 1563 776 7548 3861 6139 8527 4995 2544 7004 2406
28 9714 8468 6294 4480 879 8681 9467 1735 8458 4792 5096 8892 6993 6060 5718 8190 6884 9709 3822 6949 7940 1019 7220 3098 9710 2999 8583 2719
28 3123 286 446 7020 9520 7203 1238 5376 4194 4520 2522 636 7620 6749 9931 2581 6104 5389 2112 8767 1775 9331 8088 6141 6013 4274 3826 1773
28 1577 6980 271 5349 5829 8937 2770 7369 4938 3989 6705 4344 709 143 920 1496 9893 8119 1806 8312 959 1982 9335 5615 2819 3652 7697 4037
28 8424 523 5511 5387 627 3610 675 3182 4079 1218 7407 4383 2900 8015 8148 3886 9419 5186 9144 742 1384 142 2987 7647 891 3522 2925 7936
28 3562 6683 7871 170 4697 5542 1521 2771 1609 7190 8245 7525 2017 9 7431 5827 2485 8480 2723 3475 1949 6517 9977 4008 7544 8596 1522 7775
28 2378 3235 2836 5632 8936 8108 6634 9762 3215 7304 6609 1880 609 5761 245 6607 222 4704 8199 4649 1703 2503 6661 2667 1939 3308 5513 5987
28 4804 1595 8080 6493 4834 919 1592 7927 8486 2511 1749 1585 5024 3806 1706 6362 3814 5357 1565 8662 727 622 9661 4746 6153 2616 6157 9969
28 1109 1130 8781 9224 9428 408 7464 4387 261 363 1688 5701 9068 729 7493 274 7236 8041 4187 7550 7920 146 5234 5408 7970 1655 870 2623
28 9168 8440 702 7449 7625 1283 1547 1904 2403 7135 3925 3982 5847 8334 7859 86 7676 4162 9597 9226 7085 8428 9819 5342 5275 8272 1697 1298
28 6891 6671 2649 8464 5460 9489 7800 1174 4413 6256 5647 8189 6780 5265 8762 6134 263 2087 6900 8048 9206 7892 9948 3351 7991 5161 1106 511
28 4182 1896 6778 1926 3623 167 9223 3558 7916 1676 4945 6813 2606 8142 7725 5737 5447 6110 2473 4972 2932 2476 9950 2559 7791 3328 1875 6246
28 7633 5535 227 9219 5308 785 1689 499 902 2243 4844 9057 8591 673 3108 9598 3574 4010 4604 2449 1200 317 8510 3111 5536 3962 7424 9527
28 9215 9850 6819 9984 6073 795 5683 7840 2542 1089 9917 8437 71 1761 153 3458 6850 7189 4719 2827 9639 5025 3688 4531 5805 321 1559 3555
28 6603 7574 2813 8438 8162 9721 3205 3934 2562 9254 7036 545 5417 3585 2982 3250 2972 6487 8868 8452 458 366 3947 8770 1762 9422 8092 819
28 1717 1425 4481 9956 2930 163 3541 4734 4931 620 6820 5442 7459 1721 9707 9325 803 4706 7632 1164 786 1570 2694 3112 8100 6397 5365 8670
28 2636 3929 8934 2940 8063 8250 5079 9172 8993 5133 70 7766 6187 5427 5947 7124 2216 8420 8230 4668 7198 6089 4155 2721 731 2441 6737 6135
28 3877 9957 4751 8130 952 1430 5125 6419 848 3398 6138 5818 8536 6253 9552 4080 7206 2910 1823 9009 3874 6840 828 5728 1404 8582 561 8470
28 445 5557 5476 9785 9033 4817 6105 5010 3887 7330 199 4456 8938 8137 4120 9823 6334 840 3248 347 6243 8456 7619 4608 1543 1615 6542 6216
28 4764 6154 4503 9804 3442 6125 590 4953 8182 5508 5064 3563 6178 1188 4213 6968 8226 285 5750 9746 921 6801 695 8788 6136 9748 9403 4364
28 5160 4303 1531 1772 2555 9777 7061 8920 200 2083 1724 6585 6386 1879 6692 3437 7898 4648 244 7716 2461 9176 8940 9020 6506 4237 950 8479
28 7822 5944 1556 8890 2168 738 4858 6295 2832 9153 4489 6582 3095 2056 2546 5505 955 1623 4911 5338 9333 7452 1297 4222 9517 2737 1150 5561
28 6975 6597 5564 9884 7519 504 6616 4950 1028 6690 4519 9952 8352 2761 2342 6594 4509 7210 9239 3788 1438 542 7897 2885 806 4699 3901 3529
28 152 9136 6635 3172 3417 8651 8968 4672 1549 373 7767 4515 5579 3700 1409 7778 4740 2307 8973 4928 6662 5088 3374 8672 6654 103 2556 75
28 1386 6319 68 9019 2535 1604 3741 4205 1810 9883 1435 7873 781 2903 7953 3662 6009 9776 9085 5929 668 3221 8160 5660 7164 6823 2585 4594
28 3265 1271 5914 4824 2752 5318 4486 1541 2161 1792 2590 6693 5200 7290 4471 3470 297 6288 2592 6270 6259 8531 6239 4105 4291 617 1991 2480
28 3256 4989 6888 2228 5181 740 2637 6409 5369 8238 6989 8144 5974 3269 7233 8051 56 444 9749 3342 6855 6316 5657 218 5813 3083 936 2681
28 1817 9662 9492 2640 3139 4677 6703 380 3912 5879 7305 7355 9233 2967 1719 4815 386 2492 3718 6132 346 284 9813 7457 547 2357 3633 4275
28 8724 811 8919 6889 2085 5307 4722 9880 8541 1692 4293 2124 9833 6457 6696 6432 1495 3408 2259 272 7391 2875 8838 889 6447 4552 6269 5208
28 3236 352 1491 3698 1080 8966 1770 7338 3158 6037 3986 76 2686 7919 8560 6451 7673 481 6964 4725 5866 137 5180 9667 1937 587 2968 2565
28 6950 8339 5545 8324 9150 1276 2096 3984 7045 8944 3484 5699 3819 9824 1171 2387 7221 2839 8198 9396 9357 6679 9903 2962 516 1105 8548 4821
28 4065 3452 4808 5516 1448 7980 6676 9182 8398 9260 9110 5963 8661 1223 3514 8288 1225 2321 4742 260 4920 7204 4012 3459 3717 6074 4897 9556
28 6229 8364 7380 2042 9076 4639 4975 8249 2001 7670 7706 4892 1144 9389 1137 733 8758 3327 9337 9105 1605 8079 7799 6907 9148 2067 3956 5644
28 5777 8406 128 8829 2013 2218 4313 9133 5090 5687 1309 9871 2014 5330 475 5479 6905 6739 4399 6894 6913 1628 4468 3045 1361 2911 7885 8629
28 7609 6347 4803 2573 1380 9391 8609 1944 4325 5490 4435 7958 1244 1621 623 8373 5295 5272 2650 3915 6067 897 6273 4664 6929 4197 5002 7021
28 102 3171 7358 1442 4784 5 3272 5639 3156 5384 1622 9677 7007 4602 7075 4112 2419 1336 7573 1940 8069 6066 6799 6293 5344 9916 4866 411
28 4052 8128 9756 8950 9754 7259 3019 1888 1897 8988 4782 1618 3246 3132 533 8295 9469 2488 7783 3365 6805 3133 7139 4042 426 2189 9968 7348
28 8057 9826 9506 4535 1644 7176 43 484 9994 7876 8047 2548 7237 4925 1461 4340 4470 3088 2726 1510 728 2074 1583 787 8081 8484 6947 202
28 9282 7704 1704 7060 3702 1740 91 2687 943 5397 5329 140 2790 8864 1667 9283 8139 4534 9896 4330 8405 6101 7287 3729 7100 5948 5021 7063
28 4753 5939 6664 8547 7232 1441 8442 3203 9781 1317 7802 5791 1097 989 8621 2034 6353 9567 7943 4876 9574 7567 4907 2926 1119 4954 6842 277
28 8090 4433 5917 3064 9515 4567 9055 4745 5769 7062 7284 1172 8435 2817 6100 7681 211 8396 9920 8473 890 8951 9450 4584 1316 9071 4956 2497
28 9155 846 7689 7481 1890 6452 9565 2158 3675 1423 1419 258 7300 2165 8135 1876 5239 6045 6505 9026 6109 5358 1005 3527 1509 7261 4502 1627
28 660 1038 6890 6474 8751 2024 7065 3243 2601 8602 2100 6238 5691 2632 6398 6539 3319 6965 6195 6549 3509 296 7128 6943 9134 4590 3381 9958
28 4398 3505 1140 2252 873 4030 8834 1525 5074 4638 3191 5811 4825 9185 4277 2475 6079 5393 2045 4159 9114 6455 2025 1834 4702 8959 2620 9192
28 5465 1312 9787 4046 6313 7728 164 243 5235 472 3608 8832 5411 4160 4851 1887 8843 6343 7333 7504 7686 8408 8742 5515 7858 9003 4256 8465
28 8453 4392 3471 130 9816 9097 3300 5772 7468 4997 452 2116 9250 782 3723 7558 1848 3125 8379 3789 7274 1501 5624 1786 9476 6303 8412 9741
28 3875 2795 6623 3762 4126 2519 5228 6212 3018 2909 3825 4914 3303 8149 7844 7159 7999 4654 3245 4770 5264 8344 632 1518 6921 9463 9786 7368
28 3233 7216 4944 2304 5826 4983 4015 8022 2233 6097 8677 8350 1796 1314 8871 6226 6807 8804 7762 9269 7145 8014 2483 856 8409 7843 9349 697
28 7937 8835 9236 8083 3050 2912 5863 2247 9231 3565 8623 6454 394 5808 3180 7200 2945 1213 6736 864 5762 3469 18 4287 2567 3421 6235 419
28 993 8568 8026 3462 6556 62 6395 1149 4457 7651 3402 4316 924 125 8124 938 4555 2899 9518 2127 6391 8202 826 6713 415 2041 4540 4712
28 5552 2202 1924 2963 2633 949 4069 9533 266 5514 9087 1389 683 6757 6426 5758 6403 8023 7168 3999 3793 6467 2340 485 9642 6881 4962 1099
28 4071 3693 810 1520 462 8954 7028 927 4640 3212 7336 7785 4992 6996 9390 9570 2653 6689 8839 9171 3206 6848 8323 9524 4412 3816 2431 9307
28 6669 1424 6857 7323 1562 2053 8285 7768 1354 1269 9976 5169 5894 9367 8422 6323 5806 4752 7479 3792 9265 1331 7490 9277 638 8918 7841 7471
28 7901 553 2604 3932 2147 7158 8958 5390 8627 6606 7082 3631 9311 7112 5732 9292 5081 8866 4653 4863 4073 1153 7480 4407 9947 1369 1345 6835
28 671 5008 5966 4442 5020 3267 9315 2797 5862 1020 83 322 2877 2082 3152 4614 4244 1502 7127 1159 9086 4912 8308 2393 1798 7246 6830 8909
28 5919 2864 8481 8624 5680 221 7910 8001 5146 893 8253 9218 387 7696 7088 9757 6768 8082 8947 2861 4245 4462 2109 8810 8981 3148 5953 1864
28 207 8205 2557 1051 8445 6292 4597 3587 4521 1301 9482 6449 6115 6044 5443 9794 618 5554 2272 7325 5414 2199 2978 8823 6503 4518 6498 7688
28 9440 1247 2933 9130 338 9165 3669 1433 9339 6715 4941 5291 4985 3003 9716 2888 8707 9174 9083 2361 4102 1782 5981 7453 6867 7029 5029 5033
28 3968 8432 544 9385 653 3346 7878 3480 6236 4542 4818 4266 1459 4090 4761 9830 5755 5816 9195 1026 2002 4569 8929 6324 439 7817 5551 5486
28 7828 6497 256 7026 5940 2101 1593 6274 7078 392 715 9855 4132 4617 4351 6653 4610 6039 3945 5676 2764 8888 3224 3800 192 5491 5877 2783
28 9194 5952 502 7230 6922 3836 2644 107 7629 2558 5501 7282 5869 5027 30 3400 1906 440 3569 4606 8923 6489 8985 1714 5937 2959 5178 6576
28 7883 4246 3460 8841 6516 6822 5916 8460 4831 6666 4687 8106 9287 6026 7265 7888 3013 7079 3539 5625 5364 5452 5571 7154 7542 3289 3038 6804
28 1599 9727 7611 6925 1758 7637 1243 8251 3678 4958 8215 6434 8722 1936 8341 5378 4051 9534 5636 5421 6031 7902 2434 6339 8782 769 4556 8618
28 558 7708 8297 1822 571 7607 8831 2337 1519 4888 7071 3490 3543 6345 7924 1840 2568 9487 4357 4982 8676 1232 9004 2261 2094 1464 3769 6301
28 5673 3169 3027 3950 2395 4788 1160 1127 5935 7743 4047 8907 2842 8807 3753 1616 6758 2173 7262 7825 9062 9691 9905 1237 9542 448 8768 8114
28 9159 839 3312 3866 4716 5744 2608 1012 2281 4163 3315 3131 2818 8255 7587 4027 834 6476 992 7446 1475 4324 7857 737 253 1079 1399 1363
28 8607 4338 2418 3746 3845 7621 9477 3299 9798 5474 6210 4212 428 5015 8787 1488 1376 5617 4595 2023 6071 4173 1546 5294 1333 8011 9650 2155
28 9038 3533 7251 968 6677 4304 3090 3745 9425 7462 9089 4873 4410 8915 6670 7564 2445 2929 3142 1992 5004 2443 9637 1378 9001 9438 4345 977
28 5147 2583 3302 8261 357 220 8679 5315 6331 8655 7328 2539 9303 580 713 1736 1858 3885 608 6896 9775 3673 8902 3208 749 6028 7537 5666
28 5326 7343 6935 7798 7367 4104 8737 2613 409 5142 6225 359 1176 4161 5104 9122 8773 1581 4023 5602 4932 8010 3996 6022 6704 467 1503 7917
28 654 405 276 1976 4976 2138 456 6538 4446 9363 521 798 7072 1294 4167 2206 3890 3329 7624 3029 3270 2579 2732 1279 2275 8501 825 6730
28 9054 5608 1818 6284 7147 6554 8790 2021 2175 8593 9035 4136 7312 2645 9712 7795 7437 1366 8419 1180 8430 4209 7360 7551 9863 6673 3580 7049
28 3873 4236 5865 9606 3671 3703 4231 9395 565 5068 4401 5000 9280 8279 2739 388 5056 3419 7314 3809 7904 520 6602 9034 196 9904 3872 7187
28 4077 6001 3656 8699 3380 7286 9456 2313 8874 1082 9575 2412 5080 157 6895 8982 299 7425 6685 6383 5363 7465 8632 344 8061 3931 1350 6405
28 3902 8207 5938 3855 4009 5525 4221 1420 356 2509 1548 2948 9081 5450 1451 2979 2110 8491 9316 495 7434 9468 8648 3842 2703 2119 7593 7162
28 9321 6770 8431 4896 6504 8991 7201 2794 194 5119 1395 4565 6646 5504 4365 14 9103 478 8303 4513 6144 9503 4326 4416 5569 5609 7362 4678
28 6638 3628 5794 2396 3557 7668 3573 4524 6328 6233 6651 2825 5198 5132 5202 4934 8414 2246 9693 6568 5544 4075 8192 978 2505 4680 836 9700
28 9413 3181 747 7279 9115 6766 7441 8518 5071 7291 8260 8347 2121 7623 3692 1456 2327 5495 535 6529 3933 5190 8188 7713 5711 9765 4526 124
28 4935 8152 8400 2350 9640 7952 2782 6971 5900 1207 1861 933 832 664 4332 3067 7081 4261 7283 8580 5902 5019 4783 2927 480 3840 3106 531
28 1641 534 3383 2169 7295 791 6859 1299 6750 5856 7000 8939 5108 8814 7044 2315 8837 8571 3549 2515 1432 267 6981 9253 8068 8928 6598 9932
28 8407 3119 6754 3735 8471 8293 5925 3489 5278 8794 2052 8616 4599 231 8490 5643 5242 7578 9611 154 4041 8474 2883 859 8516 8228 8360 5392
28 8561 27 4769 5566 1554 1236 365 3647 2274 135 8862 1915 4402 58 8475 9197 904 8269 8459 7685 1617 5922 9301 9124 5809 7553 966 8816
28 4189 4390 1067 3763 5520 5360 7944 2536 987 413 5327 1163 6728 2413 48 6111 1537 5773 4359 8656 7137 3023 7714 8554 8559 3138 8514 7641
28 1466 5583 6864 6961 1429 3318 2591 8235 2039 3362 8214 7983 5259 1905 1068 3073 3376 3594 6199 4854 3497 2363 1061 2269 4840 1801 5915 2582
28 6956 3665 4214 3264 6815 208 1414 8828 2318 9548 1168 9092 6719 4420 1830 2951 335 1931 4499 5807 8280 7389 1857 3450 2170 2123 6240 3143
28 577 8523 5908 3278 7485 4553 1004 2232 5843 833 881 8734 7247 4743 9595 9011 8158 6526 6777 9000 4675 8252 7666 7119 3710 4683 4135 8887
28 5798 4878 1751 1756 215 81 1784 2409 8004 8309 4243 6849 1972 8436 6846 131 8210 6443 1087 3296 7736 9859 6289 8515 6203 5780 7903 9770
28 7277 8386 5113 9286 7482 3049 956 5512 7046 1233 868 2857 133 3382 9344 903 3805 5131 9758 5094 9638 9496 5575 1287 8376 4998 1551 470
28 5354 4057 563 6620 9772 1165 7347 674 3500 5023 2924 6145 4749 2893 9453 3287 7129 5150 1252 4491 433 8075 2778 1594 2514 9293 6217 7364
28 9340 6062 7979 9128 6718 6731 9407 6979 1532 2835 3194 7560 3011 1873 4855 635 5037 1640 5977 9028 7827 9036 3995 5402 4517 3664 8240 1177
28 3240 476 8565 6382 3898 6464 7598 5274 5822 1680 560 911 1483 4578 1063 3301 2484 2754 9016 7226 8863 9972 3081 181 6532 4592 2530 5453
28 138 7096 1066 2430 4152 8594 9238 2541 3802 1872 4153 4689 1280 9207 8796 3961 6302 5672 8138 2458 129 298 6209 3687 641 4352 4707 3006
28 5370 314 1113 5483 5713 2569 9585 8649 1871 1096 161 1524 5854 178 99 1536 9674 2684 483 2172 6196 3613 9201 399 7106 8236 3540 6065
28 2182 1468 3640 2570 4018 9147 513 6218 2843 5749 5584 8413 8512 1553 1142 1469 3043 4035 6528 5271 1979 293 5225 1957 3993 3985 8132 3531
28 2417 6879 4169 1964 8701 908 6643 2499 9006 7614 5304 6456 109 1046 4317 6786 8217 9509 9901 165 9715 3022 4319 1254 2834 9164 1001 5690
28 2146 1691 1670 9039 7845 4887 5637 1167 5700 7450 6287 7830 6010 8883 7184 8175 2309 2319 2598 7160 1251 9849 3163 2046 7478 5859 3868 4300
28 4974 9417 6046 5855 2201 7381 745 5105 6740 4272 5983 4823 7701 539 2032 8168 2231 8313 5061 8704 4563 6254 1277 8779 7107 9505 946 8096
28 5500 7793 2693 3410 1985 6485 5170 6312 8316 9376 6586 9187 7308 2683 9252 5790 6396 4868 2362 2787 8881 5437 113 105 7677 5507 7654 5269
28 4960 8447 736 3524 1241 6262 308 2728 3654 5222 4130 2397 9158 7588 2372 8759 6518 1941 6839 4269 1922 2655 932 3493 3959 340 824 3517
28 9328 1365 2777 1499 1220 5671 4282 4251 437 3144 8089 5352 2833 5720 3786 3605 9295 8171 2596 1844 4709 9486 4733 4297 2779 5054 2561 2994
28 7324 5756 4660 5109 7790 5883 5580 2266 4889 3262 9529 2382 2354 1029 693 7196 6962 1702 2192 5858 9275 712 8393 1281 4820 8986 7178 7887
28 9211 726 9646 3612 1462 7679 1009 5176 8974 3545 1557 5852 7001 3828 1517 5731 1632 9998 3255 5891 6108 5785 942 4905 6932 7729 1484 3021
28 7576 4474 1192 1325 9263 9831 33 2435 7680 5297 6672 8552 600 376 2077 5662 7733 2660 3714 2750 162 2162 6103 4490 5593 2902 4708 8696
28 2652 4766 9470 4917 1260 813 2762 5223 7931 313 8562 4100 3798 3646 1070 5924 583 9528 7963 9578 5995 3165 5039 1209 5586 3758 4339 5273
28 7613 9820 3643 7351 9974 5522 2868 3803 7869 5035 3507 4906 916 1170 1392 1391 8425 7628 1803 1561 1814 4409 9508 9170 9563 5543 9847 7502
28 1143 6931 417 7699 5705 8957 7777 6874 1602 2654 8889 2610 954 5833 6147 1571 471 9928 9401 3017 3980 5932 1997 9865 172 4890 341 7947
28 2163 766 6699 7986 3680 784 7117 8349 6230 2513 3606 8335 3926 5839 2151 6851 8720 6939 4451 8524 269 1912 3838 1576 5559 3404 2879 9212
28 3756 3765 6402 1505 5086 682 541 2679 6572 5055 9545 778 3629 5122 6624 5076 5013 3371 9846 104 7913 3002 3084 2976 6495 2268 3472 7907
28 6791 5889 2005 961 931 9242 7891 3341 6296 3850 384 5694 9434 6892 984 4955 3359 1231 761 4142 6536 7905 1527 4459 9579 5667 4235 7722
28 4469 7918 26 4219 3455 4309 572 2574 9436 4726 7672 3846 6143 1103 3888 492 7273 755 4786 6984 5663 9652 752 2104 8987 937 7322 7652
28 4768 5613 665 9079 663 1076 1804 4315 5861 1290 38 7009 4425 3377 4312 4125 7353 7975 3973 1356 1663 7600 4999 4020 4026 5960 4254 3818
28 9371 2332 498 2195 4084 6966 4828 3904 4562 9634 3892 5405 3705 1494 3401 5648 7218 3378 6682 1296 6122 5872 8811 651 2571 7938 764 1921
28 3815 6610 2512 1700 6995 6027 3528 8256 8700 2457 9173 5998 5438 5048 5786 5730 505 500 9429 8856 9048 5558 3478 5864 4346 2487 119 6511
28 2830 5041 2205 2756 3391 4942 184 6470 9658 6697 3603 2946 7740 8886 5804 3639 5825 248 3773 4208 9132 7224 2991 3588 6972 9991 2249 7690
28 1141 8590 3333 1053 2236 4627 5670 8506 670 790 3670 3453 3368 382 7033 3343 3004 2128 1619 6349 5892 6723 1841 3930 7738 451 1851 1993
28 7256 3482 1983 4006 3 5210 7605 6854 1081 1074 7753 3416 7589 922 9877 4129 7834 7023 2580 3282 4308 1110 3713 4646 6901 5280 4923 2494
28 7995 4754 5345 2479 8439 4278 6244 177 5838 2280 9689 6310 259 6375 3463 2462 4310 9156 774 4253 7092 7895 2282 7289 9912 7435 5635 9784
28 6021 1734 5529 9735 593 5867 679 8553 2624 8917 9012 123 8020 2617 6433 4623 414 1338 6469 5979 2773 4210 814 3239 1881 556 8819 9204
28 5645 6245 5942 1863 684 3443 7054 888 6675 9818 2040 529 4930 5909 3674 1057 7932 6678 3466 1334 5145 6355 8302 9713 9041 8487 2213 3952
28 1187 5595 7042 9175 9484 2057 7359 8292 8642 5059 4223 1742 8332 628 2369 5982 7881 5246 4826 9711 1388 3578 2072 9633 4811 2143 2386 7577
28 9814 3551 479 1745 979 8281 7988 2853 4885 5382 4101 8899 3849 9672 264 6565 2200 2700 1426 3900 8173 4403 6478 6251 5870 6821 9188 8799
28 1492 6729 5156 817 294 2058 1340 5748 4229 7484 6318 1988 3879 5994 5114 8242 649 5038 1591 3052 3307 4342 3066 8306 8164 3958 6587 4977
28 7313 3991 4937 4415 8693 3731 630 6919 4588 1360 1329 5395 2878 9411 8882 7909 8702 905 6314 4781 1162 8427 6751 634 3406 6029 4775 5823
28 8595 7222 4067 6150 6421 5610 5353 7880 9289 9056 8808 2355 1056 1914 7853 7700 5174 1450 463 1284 4536 9306 7734 8197 2712 6266 5361 85
28 377 1060 1816 1398 1907 5714 1898 1064 2788 5121 4374 1436 5451 6399 6175 2658 2379 2029 9985 8397 2222 2529 4505 1682 5950 2031 6038 4747
28 8502 8983 1014 1059 4144 7773 3348 7592 3304 5603 3392 5292 3584 7077 270 2757 9021 3728 3372 2543 767 2588 1878 2691 6308 4548 9330 8392
28 2766 2793 2524 1278 6278 7016 9439 793 1132 3508 9412 6954 799 918 234 3939 9553 4305 3666 4663 6886 2117 1718 7711 7050 4257 4881 5723
28 4830 1437 9131 3306 7603 1042 3644 901 4263 6412 4882 3454 9135 2171 1413 1272 9525 2026 4886 7814 7266 7933 8556 4360 5548 7319 4767 1648
28 2191 3534 4458 540 5423 7086 6112 74 7661 7472 8153 7059 345 7258 7018 2631 7889 5212 4016 5494 6194 7659 7354 5582 5466 7002 9995 4871
28 9764 9366 3339 6756 4629 8526 3326 36 1310 4679 6914 67 1952 1401 7656 6350 8310 4299 549 2081 8748 1481 5719 3946 3760 9767 8167 4331
28 5383 4060 8797 9669 1715 4252 6686 5739 4432 2799 9839 5249 2390 3942 604 1832 4557 6938 4670 5165 7254 1018 5665 5812 9778 3074 7294 2288
28 8709 4701 9685 9966 8237 5901 4298 7240 8783 5070 1799 907 2019 4417 917 2108 6512 1720 508 7506 8275 7658 5599 6832 2749 7008 9841 6632
28 9561 8227 6970 6983 4248 4495 7526 1411 1370 7709 2050 9072 7157 9448 7171 3512 1013 842 7083 7669 1362 9318 4721 8522 240 368 6810 3810
28 8698 5503 4318 6445 837 4096 6990 9393 5355 9973 4497 8558 3685 4813 169 3213 8461 2521 6394 6458 139 5824 4150 8058 2523 9573 7270 2217
28 1764 698 1779 273 2212 8257 6036 4454 9499 7268 3431 9497 2577 643 7102 2753 9659 6336 5458 6004 4024 4000 7602 7125 127 951 6264 7492
28 9543 6785 4996 9592 8765 2468 7538 8645 3130 8013 7352 4002 6429 6716 1453 2219 6940 8186 5605 6373 8557 9061 6911 4061 843 3645 4965 1154
28 3363 1893 7421 4436 5117 7842 4377 9954 4527 4140 3286 5428 8345 5379 3389 2226 4406 5498 2997 5469 9472 5316 4270 6577 6041 2273 6639 2518
28 9960 9117 5185 9811 9907 1794 9546 1302 219 6531 9368 9809 8826 7739 4883 3129 1161 3056 4879 7599 3924 6281 7048 2398 2054 1295 9697 3634
28 724 6796 144 4311 1659 232 8897 800 8211 8122 6354 334 8752 1308 8597 2466 2425 2702 7710 488 8357 8449 8690 6222 8660 2306 6680 4184
28 2823 687 5537 4034 1239 5693 6267 8263 9854 4647 1825 3020 1962 3034 9430 9810 3928 3261 7070 3749 9210 5011 3706 262 9698 9383 7806 4916
28 4760 4166 7394 5116 3266 7406 9571 2310 7597 4292 3548 8231 3923 9217 6321 6930 3552 2227 7495 9137 364 8287 2197 7281 940 24 3059 7417
28 1833 1364 9251 6973 6000 3537 690 4880 1555 6188 4544 3975 3812 5093 8550 379 3204 4389 3252 4203 3750 4176 4979 8032 860 8743 3829 233
28 2996 6214 7331 4400 5313 7572 402 9495 204 8511 1754 5661 8426 1498 2549 6106 1195 6759 2665 6095 5933 4484 1869 5173 1705 1607 6955 6596
28 5262 1956 7329 9073 2049 1095 3997 5760 1007 1694 4019 1320 9769 1507 9609 5026 9077 5385 6020 6468 7454 5319 3426 2626 2448 3719 8216 2894
28 6330 5049 9940 3518 4165 1994 9622 8646 789 1431 2651 2184 3415 522 5943 5594 3960 1741 7634 3843 8354 7055 5101 6761 47 1255 283 8636
28 1568 3503 928 1417 3164 6500 6866 5302 4003 257 1647 8821 3981 5220 6453 2130 4493 4143 5853 2641 708 880 6317 6011 427 9452 7422 4171
28 4801 7494 854 2293 2137 3332 320 141 6584 4262 5279 2276 9365 6836 2869 9483 5741 9465 3089 1090 5961 543 9881 6717 2828 7801 3422 4644
28 8579 7235 2263 1024 1123 8462 5138 9986 8042 5429 9979 3310 225 2759 3920 4737 4893 7848 6087 8612 3523 4613 4993 3237 453 6161 9918 6787
28 6845 3361 5031 7442 3283 4302 3335 3195 5425 9420 5175 5488 6811 32 6904 7499 4596 8495 591 3357 1041 4651 7306 9582 497 8105 2901 2980
28 8184 7984 3921 2526 5102 9537 5433 9675 9885 7815 7334 8769 8115 4011 3495 4819 887 1656 5103 6219 7530 9623 7376 2618 2706 8978 2215 8694
28 159 2152 6416 3844 1390 1282 996 4724 925 2055 8815 8455 6951 1838 5373 112 2663 3852 5139 6034 8806 5221 4681 235 5032 2371 9782 2436
28 9925 3911 1139 1175 7723 6304 3079 5296 7671 5793 9090 7554 249 4288 2185 9264 7829 912 7041 1476 1478 1129 3841 3943 9099 9723 1268 1635
28 7642 5241 3679 6030 4573 7087 771 2470 2689 3078 6191 223 3094 4128 4148 2256 8133 1845 913 3969 7269 6986 9523 1449 3734 5712 6564 7207
28 5955 8903 5965 1250 3757 2167 7349 9808 5183 4833 4732 2148 1701 7962 5214 6977 2411 9480 179 3097 2159 6465 9221 9878 5633 5618 869 5738
28 1573 5245 4091 8049 5868 5912 9795 3905 4110 7473 7039 5282 7005 1774 5842 9119 4482 5060 8525 6803 8729 5792 661 44 1115 8225 5204 7911
28 929 9166 7120 5534 3744 4076 6099 7163 9733 5366 7032 8145 3622 4918 1664 6223 6877 3880 4846 7571 3624 4449 6659 4927 9894 6633 8443 9154
28 9594 7946 9227 8327 7430 9856 6128 1882 9149 1852 4064 2370 8686 3609 6462 775 8319 2174 967 3965 3200 3577 4510 8219 3779 5372 5930 6051
28 4349 7787 450 2578 5251 7719 7915 9725 3777 3794 7771 2020 8278 2428 8355 958 3571 1265 9783 6131 3689 5381 735 6366 5231 6776 224 6202
28 7794 1768 3385 7890 6348 3091 4969 6615 9870 3835 1889 9750 5063 1135 5519 1927 5567 1910 3976 7874 797 8326 857 7094 31 9869 6149 8385
28 957 9460 7309 6748 6211 2920 1222 8076 1121 2931 6224 9116 2463 9381 6166 9564 756 490 1201 4206 8071 9108 1108 1626 1943 6513 7978 2149
28 5801 6687 7638 5696 1025 8711 7110 6186 7745 3336 5412 8801 9043 9959 2237 4207 3109 5415 342 7627 7034 9879 2294 9025 7166 7837 5717 5517
28 395 5532 5898 3373 2036 970 6309 2680 4289 5238 1723 4952 6174 7346 4414 9560 9717 7103 5444 3964 9479 5873 464 4138 1634 6883 9544 5211
28 2156 1062 1407 9806 4391 5499 7379 8377 1326 5659 9910 5018 9278 2730 9729 999 4094 9929 8403 6346 7469 4485 2065 1815 6783 2400 9555 849
28 436 7395 6928 2860 3536 5478 7866 9851 7038 8325 2426 2699 710 8761 8362 6119 1 1523 1748 5788 5339 8905 8576 2990 4532 3467 8268 8314
28 8121 6265 61 4966 1855 1760 1917 252 6084 1256 9793 2389 4583 844 3896 5622 64 7879 9237 28 6642 9631 9886 3614 2572 7371 2016 7796
28 804 4632 3044 4186 6005 2391 1440 2322 8289 2068 2122 1405 8384 5972 2006 8529 1781 1216 1043 3000 3593 2284 6619 2095 4619 3970 3334 2254
28 8372 5149 8027 5207 5724 5351 9864 9437 3167 8224 4504 3721 7860 1458 4230 6991 3113 6958 2490 2688 4744 4624 4705 8343 882 2467 7399 4690
28 7760 9791 3903 9621 7769 5796 9599 3604 6523 5314 7188 6085 5118 4723 1894 2889 7248 1710 6307 5893 9313 6926 1978 7705 3274 6435 9607 900
28 4494 2335 1037 3331 6444 555 8365 8517 9220 4040 3494 9628 8390 1145 6072 449 3068 3276 2898 6372 1902 1183 2751 2257 5398 2915 7066 4659
28 1824 9992 9699 4 5082 4183 1322 9324 5975 3166 7275 6510 4294 9800 4669 3641 354 3222 8608 748 1208 1497 7998 1812 8750 3072 9296 2388
28 9246 2330 89 8906 9096 5052 1245 7392 9949 9919 2808 4284 1321 866 3684 9409 9046 2625 1582 4508 2471 9205 9022 6325 6052 1270 6865 9138
28 7205 7569 1909 3953 8697 6826 939 794 358 1849 7068 5137 5782 2551 5095 8221 8155 7476 5179 4198 6047 6694 983 1800 6169 8317 3918 9510
28 7132 3856 6231 7742 1795 5368 7513 1306 597 9835 2891 8448 4511 3944 6706 8999 5154 8684 6604 5620 9744 4121 4039 3157 8077 9731 5418 4188
28 8039 4797 2 4529 1264 610 964 6978 2707 7037 8859 2262 6182 3061 5356 3740 4738 7133 5920 1569 469 5217 1112 121 7090 4674 8265 973
28 8346 1348 5237 8872 309 5126 7467 3192 1610 3105 4774 7838 3893 4779 9588 1383 4043 5043 6957 1008 1072 1966 7440 8533 1629 8374 5042 5921
28 1204 4794 7581 2141 1016 6746 5218 2983 431 9375 9593 1960 1870 6208 1866 8764 3891 9626 5431 3178 8209 6548 808 4961 2308 6755 5779 9343
28 9858 8177 7929 7707 2358 9504 4621 8581 6160 8466 2763 1003 3730 1482 6742 6492 1654 6792 5078 8064 5576 8852 3424 2533 2088 1891 9724 722
28 6227 3878 3260 7161 629 2346 3001 8911 7390 9921 7824 2705 6137 7298 5577 9507 9405 8429 6043 3564 3413 8853 7228 7730 5907 3345 3913 6906
28 482 9202 9459 9378 721 9302 6167 1657 5496 2629 6862 2076 986 9008 4488 9040 5287 7064 3485 7547 988 5243 2302 566 6377 2291 9404 9478
28 9890 8366 8356 1608 6681 6580 385 2917 1679 7610 7131 1747 6601 2981 1535 6384 381 1903 2974 2180 6158 7339 2285 6688 9535 1550 2809 6172
28 9248 9591 5134 2186 3036 8726 7751 6944 2415 7942 4988 527 4423 8650 278 8860 588 8291 7241 6700 315 9364 3438 3014 2385 1916 8879 582
28 3075 9913 288 9123 4250 132 3297 4185 5976 525 5533 2495 8482 6544 8578 418 9596 2270 5034 6605 3862 7445 1017 1470 6159 5970 6179 6614
28 3511 8125 4099 3150 7667 3881 8791 5887 1477 4898 7466 2780 4919 6741 2741 9323 255 8156 763 8212 9402 6771 2884 8749 9045 3101 7805 3399
28 2648 9257 3519 7543 3122 2295 8111 5163 3086 615 546 5689 7792 1452 998 2798 8336 5841 6589 1343 8998 9374 8685 6201 9320 3024 1315 9799
28 6557 1196 4068 1560 1631 7149 185 2489 1242 7875 4032 1371 1490 7099 6998 183 7994 7510 4987 7821 7451 50 2796 8247 8165 9615 9410 2678
28 2414 6578 8118 6374 4739 3722 3103 8423 9308 7419 2943 9007 1147 568 95 1606 1351 4202 3916 6165 5888 7301 2376 1181 8731 4353 3403 9941
28 3384 8654 477 7416 7383 4694 9380 3465 3234 1226 4028 1319 2589 3983 982 6078 8196 6417 5099 1984 1514 8739 2953 7807 796 5375 518 4576
28 2517 8543 3324 3259 4286 1133 6752 22 1304 2802 3515 4612 2724 2424 8780 1567 650 8016 1400 2035 6370 4848 6 3649 2942 7852 9015 694
28 1660 6425 7648 5456 8575 7022 3151 6436 8123 2230 5964 4658 4081 5962 9666 5485 7217 5123 9294 4554 7250 3699 2360 6833 4895 1638 6969 9418
28 280 8657 4870 2506 678 4530 5323 1707 5343 2286 7906 5497 7150 4862 369 6204 1346 4924 2208 827 3087 963 5337 2844 3355 7174 8387 3708
28 2091 7448 2916 9836 2352 1674 8454 9848 7703 8652 9862 5347 5219 57 2015 6726 6963 2453 6064 5871 3691 1372 4850 6408 3583 5774 2957 7234
28 8896 4122 6463 5668 1575 5706 8239 1821 5821 3637 7928 4147 7612 4598 7893 4378 8519 759 5047 9271 6116 11 4908 581 3796 9444 7718 5193
28 8085 3833 1860 8282 7992 9825 4350 2194 3254 7955 1228 1044 6024 8601 5540 4538 4103 8643 8703 8930 8382 7501 8045 2214 2501 3697 7194 4347
28 8299 9868 6168 7579 7177 9329 2450 1485 8025 1349 4564 4835 6701 9002 9421 5627 1789 3007 4429 2733 4283 783 2177 2248 5215 1540 3080 4964
28 5325 9336 9522 4151 2664 1373 3625 8914 1193 8689 4591 8337 5367 213 1457 4328 4645 8626 5697 3768 2356 6636 6248 4367 9030 637 7608 7134
28 7382 8927 7219 1422 4156 8970 4487 530 4370 4579 3817 4667 909 337 1416 8498 1763 8984 6140 2277 5684 2619 5686 4381 8244 2444 1397 6090
28 4501 5967 7982 4777 9980 5224 6902 3821 4641 7536 7811 8844 2977 3054 7238 7737 302 4787 1006 7971 3338 8633 1374 3214 3041 4058 2936 2338
28 4107 4543 6475 676 4192 6618 3854 7316 2132 5781 7195 1919 412 1968 3137 9297 6494 1652 1084 9234 5814 1586 732 7121 3906 2789 4585 3116
28 9887 3128 4802 9397 6767 7870 5157 8389 5502 718 1045 2044 2682 1853 4477 6530 1224 5733 5778 5283 1843 2160 4741 4337 4580 8941 6843 2084
28 1030 9075 7636 8833 2166 9540 5424 9939 8904 8055 7122 6213 2811 4226 4676 2821 5205 8271 148 8570 8101 7197 6053 3354 3607 3589 1738 8805
28 1387 5324 3598 5910 4001 343 883 4348 8493 4684 5480 292 8775 7491 2225 8975 9624 2988 348 8301 8136 1086 4108 8241 1975 8744 4685 6164
28 1846 8399 1862 5171 289 8924 9485 2027 3784 3330 9993 2897 7549 7344 4139 3499 9587 7141 1733 9493 3726 3655 7052 7604 7156 8353 3857 6207
28 8669 5771 9755 6275 8549 899 6437 4190 5523 4204 9857 8824 9845 9763 700 7514 1403 3473 9946 201 723 5589 5009 7508 9023 2895 362 2507
28 4671 4994 9732 2253 8884 5619 134 9059 7105 6357 648 1034 4180 6873 7199 9214 8847 4056 1850 5745 3864 2856 9181 8994 6305 8070 8180 4901
28 3827 551 3659 7151 4175 8865 4394 3882 5293 5189 4440 3834 8446 7948 6611 101 5493 9726 3732 944 8229 1506 6631 2938 4913 1323 6390 5320
28 2381 5334 3316 4710 4005 393 6057 4758 8638 7847 4657 8721 3449 6772 5652 2727 6466 5980 1075 4007 7113 9608 3752 3015 9244 1672 6142 6014
28 2765 9584 5112 1049 4655 236 4137 4575 290 203 8943 7941 4601 1856 7310 4549 5614 923 8817 6118 3294 3977 1874 4196 6358 6442 4605 969
28 9692 328 7752 1178 304 8368 4356 9338 2176 1668 5309 3839 1091 3271 5270 7758 8757 6853 847 1065 5328 699 8802 1305 7930 5489 2810 7456
28 5130 2890 8503 2048 9719 2106 6205 6562 111 5904 1215 116 7388 4829 669 2740 3820 4812 8869 4211 5715 6579 5232 3859 2776 4422 7568 6588
28 8394 5213 3149 4455 2323 7488 5759 383 8728 8131 8878 9906 3771 5581 361 3869 9070 9017 3445 1945 29 3994 6260 892 1428 9094 8307 7010
28 9445 8678 487 2145 5436 5682 173 3724 2061 1837 3058 7443 777 2800 9673 5541 2181 7635 2662 3140 9722 876 3135 8567 9774 3161 2956 1289
28 4260 9037 350 2965 8714 1093 93 4083 4363 991 5550 5803 1544 7557 9876 3047 5464 9922 9801 5722 3526 7687 6040 4571 1263 8640 8631 3232
